<?xml version="1.0" encoding="UTF-8"?>
<testsuite name="test.frank.bogle.restapi.RestTest" tests="2" skipped="0" failures="0" errors="0" timestamp="2017-01-21T10:35:27" hostname="Franks-iMac.home" time="0.463">
  <properties/>
  <testcase name="testMultipleStatusCode" classname="test.frank.bogle.restapi.RestTest" time="0.243"/>
  <testcase name="testMultipleGetPersons" classname="test.frank.bogle.restapi.RestTest" time="0.22"/>
  <system-out><![CDATA[10:35:27.013 [Test worker] DEBUG org.springframework.test.context.junit4.SpringJUnit4ClassRunner - SpringJUnit4ClassRunner constructor called with [class test.frank.bogle.restapi.RestTest]
10:35:27.013 [Test worker] DEBUG org.springframework.test.context.BootstrapUtils - Instantiating CacheAwareContextLoaderDelegate from class [org.springframework.test.context.cache.DefaultCacheAwareContextLoaderDelegate]
10:35:27.014 [Test worker] DEBUG org.springframework.test.context.BootstrapUtils - Instantiating BootstrapContext using constructor [public org.springframework.test.context.support.DefaultBootstrapContext(java.lang.Class,org.springframework.test.context.CacheAwareContextLoaderDelegate)]
10:35:27.014 [Test worker] DEBUG org.springframework.test.context.BootstrapUtils - Instantiating TestContextBootstrapper for test class [test.frank.bogle.restapi.RestTest] from class [org.springframework.test.context.support.DefaultTestContextBootstrapper]
10:35:27.014 [Test worker] DEBUG org.springframework.test.context.support.AbstractDelegatingSmartContextLoader - Delegating to AnnotationConfigContextLoader to process context configuration [ContextConfigurationAttributes@49bcb363 declaringClass = 'test.frank.bogle.restapi.RestTest', classes = '{class org.frank.bogle.config.RestConfig}', locations = '{}', inheritLocations = true, initializers = '{}', inheritInitializers = true, name = [null], contextLoaderClass = 'org.springframework.test.context.ContextLoader'].
10:35:27.018 [Test worker] DEBUG org.springframework.test.context.support.ActiveProfilesUtils - Could not find an 'annotation declaring class' for annotation type [org.springframework.test.context.ActiveProfiles] and class [test.frank.bogle.restapi.RestTest]
10:35:27.018 [Test worker] DEBUG org.springframework.test.context.support.DefaultTestContextBootstrapper - @TestExecutionListeners is not present for class [test.frank.bogle.restapi.RestTest]: using defaults.
10:35:27.022 [Test worker] INFO org.springframework.test.context.support.DefaultTestContextBootstrapper - Loaded default TestExecutionListener class names from location [META-INF/spring.factories]: [org.springframework.boot.test.mock.mockito.MockitoTestExecutionListener, org.springframework.boot.test.mock.mockito.ResetMocksTestExecutionListener, org.springframework.boot.test.autoconfigure.restdocs.RestDocsTestExecutionListener, org.springframework.boot.test.autoconfigure.web.client.MockRestServiceServerResetTestExecutionListener, org.springframework.boot.test.autoconfigure.web.servlet.MockMvcPrintOnlyOnFailureTestExecutionListener, org.springframework.boot.test.autoconfigure.web.servlet.WebDriverTestExecutionListener, org.springframework.test.context.web.ServletTestExecutionListener, org.springframework.test.context.support.DirtiesContextBeforeModesTestExecutionListener, org.springframework.test.context.support.DependencyInjectionTestExecutionListener, org.springframework.test.context.support.DirtiesContextTestExecutionListener, org.springframework.test.context.transaction.TransactionalTestExecutionListener, org.springframework.test.context.jdbc.SqlScriptsTestExecutionListener]
10:35:27.022 [Test worker] INFO org.springframework.test.context.support.DefaultTestContextBootstrapper - Using TestExecutionListeners: [org.springframework.test.context.web.ServletTestExecutionListener@62eb1633, org.springframework.test.context.support.DirtiesContextBeforeModesTestExecutionListener@46097fa3, org.springframework.test.context.support.DependencyInjectionTestExecutionListener@7d431913, org.springframework.test.context.support.DirtiesContextTestExecutionListener@63e8411, org.springframework.test.context.transaction.TransactionalTestExecutionListener@3cde506b, org.springframework.test.context.jdbc.SqlScriptsTestExecutionListener@3127d434, org.springframework.boot.test.autoconfigure.web.client.MockRestServiceServerResetTestExecutionListener@54c9c882, org.springframework.boot.test.mock.mockito.MockitoTestExecutionListener@2625c006, org.springframework.boot.test.autoconfigure.restdocs.RestDocsTestExecutionListener@683691a1, org.springframework.boot.test.autoconfigure.web.servlet.WebDriverTestExecutionListener@673f6ee7, org.springframework.boot.test.autoconfigure.web.servlet.MockMvcPrintOnlyOnFailureTestExecutionListener@7d28275a, org.springframework.boot.test.mock.mockito.ResetMocksTestExecutionListener@7505fd09]
10:35:27.022 [Test worker] DEBUG org.springframework.test.annotation.ProfileValueUtils - Retrieved @ProfileValueSourceConfiguration [null] for test class [test.frank.bogle.restapi.RestTest]
10:35:27.023 [Test worker] DEBUG org.springframework.test.annotation.ProfileValueUtils - Retrieved ProfileValueSource type [class org.springframework.test.annotation.SystemProfileValueSource] for class [test.frank.bogle.restapi.RestTest]
10:35:27.023 [Test worker] DEBUG org.springframework.test.annotation.ProfileValueUtils - Retrieved @ProfileValueSourceConfiguration [null] for test class [test.frank.bogle.restapi.RestTest]
10:35:27.024 [Test worker] DEBUG org.springframework.test.annotation.ProfileValueUtils - Retrieved ProfileValueSource type [class org.springframework.test.annotation.SystemProfileValueSource] for class [test.frank.bogle.restapi.RestTest]
10:35:27.024 [Test worker] DEBUG org.springframework.test.context.support.AbstractDirtiesContextTestExecutionListener - Before test class: context [DefaultTestContext@2962d191 testClass = RestTest, testInstance = [null], testMethod = [null], testException = [null], mergedContextConfiguration = [MergedContextConfiguration@3536da0c testClass = RestTest, locations = '{}', classes = '{class org.frank.bogle.config.RestConfig}', contextInitializerClasses = '[]', activeProfiles = '{}', propertySourceLocations = '{}', propertySourceProperties = '{}', contextCustomizers = set[org.springframework.boot.test.context.filter.ExcludeFilterContextCustomizer@69df7d87, org.springframework.boot.test.mock.mockito.MockitoContextCustomizer@0, org.springframework.boot.test.autoconfigure.properties.PropertyMappingContextCustomizer@0, org.springframework.boot.test.autoconfigure.web.servlet.WebDriverContextCustomizerFactory$Customizer@722166e6], contextLoader = 'org.springframework.test.context.support.DelegatingSmartContextLoader', parent = [null]]], class annotated with @DirtiesContext [false] with mode [null].
10:35:27.024 [Test worker] DEBUG org.springframework.test.annotation.ProfileValueUtils - Retrieved @ProfileValueSourceConfiguration [null] for test class [test.frank.bogle.restapi.RestTest]
10:35:27.024 [Test worker] DEBUG org.springframework.test.annotation.ProfileValueUtils - Retrieved ProfileValueSource type [class org.springframework.test.annotation.SystemProfileValueSource] for class [test.frank.bogle.restapi.RestTest]
10:35:27.025 [Test worker] DEBUG org.springframework.test.context.support.DependencyInjectionTestExecutionListener - Performing dependency injection for test context [[DefaultTestContext@2962d191 testClass = RestTest, testInstance = test.frank.bogle.restapi.RestTest@9182907, testMethod = [null], testException = [null], mergedContextConfiguration = [MergedContextConfiguration@3536da0c testClass = RestTest, locations = '{}', classes = '{class org.frank.bogle.config.RestConfig}', contextInitializerClasses = '[]', activeProfiles = '{}', propertySourceLocations = '{}', propertySourceProperties = '{}', contextCustomizers = set[org.springframework.boot.test.context.filter.ExcludeFilterContextCustomizer@69df7d87, org.springframework.boot.test.mock.mockito.MockitoContextCustomizer@0, org.springframework.boot.test.autoconfigure.properties.PropertyMappingContextCustomizer@0, org.springframework.boot.test.autoconfigure.web.servlet.WebDriverContextCustomizerFactory$Customizer@722166e6], contextLoader = 'org.springframework.test.context.support.DelegatingSmartContextLoader', parent = [null]]]].
10:35:27.025 [Test worker] DEBUG org.springframework.test.context.support.AbstractDelegatingSmartContextLoader - Delegating to AnnotationConfigContextLoader to load context from [MergedContextConfiguration@3536da0c testClass = RestTest, locations = '{}', classes = '{class org.frank.bogle.config.RestConfig}', contextInitializerClasses = '[]', activeProfiles = '{}', propertySourceLocations = '{}', propertySourceProperties = '{}', contextCustomizers = set[org.springframework.boot.test.context.filter.ExcludeFilterContextCustomizer@69df7d87, org.springframework.boot.test.mock.mockito.MockitoContextCustomizer@0, org.springframework.boot.test.autoconfigure.properties.PropertyMappingContextCustomizer@0, org.springframework.boot.test.autoconfigure.web.servlet.WebDriverContextCustomizerFactory$Customizer@722166e6], contextLoader = 'org.springframework.test.context.support.DelegatingSmartContextLoader', parent = [null]].
10:35:27.025 [Test worker] DEBUG org.springframework.test.context.support.AbstractGenericContextLoader - Loading ApplicationContext for merged context configuration [[MergedContextConfiguration@3536da0c testClass = RestTest, locations = '{}', classes = '{class org.frank.bogle.config.RestConfig}', contextInitializerClasses = '[]', activeProfiles = '{}', propertySourceLocations = '{}', propertySourceProperties = '{}', contextCustomizers = set[org.springframework.boot.test.context.filter.ExcludeFilterContextCustomizer@69df7d87, org.springframework.boot.test.mock.mockito.MockitoContextCustomizer@0, org.springframework.boot.test.autoconfigure.properties.PropertyMappingContextCustomizer@0, org.springframework.boot.test.autoconfigure.web.servlet.WebDriverContextCustomizerFactory$Customizer@722166e6], contextLoader = 'org.springframework.test.context.support.DelegatingSmartContextLoader', parent = [null]]].
10:35:27.026 [Test worker] DEBUG org.springframework.core.env.StandardEnvironment - Adding [systemProperties] PropertySource with lowest search precedence
10:35:27.026 [Test worker] DEBUG org.springframework.core.env.StandardEnvironment - Adding [systemEnvironment] PropertySource with lowest search precedence
10:35:27.026 [Test worker] DEBUG org.springframework.core.env.StandardEnvironment - Initialized StandardEnvironment with PropertySources [systemProperties,systemEnvironment]
10:35:27.027 [Test worker] DEBUG org.springframework.test.context.support.AnnotationConfigContextLoader - Registering annotated classes: {class org.frank.bogle.config.RestConfig}
10:35:27.028 [Test worker] INFO org.springframework.context.support.GenericApplicationContext - Refreshing org.springframework.context.support.GenericApplicationContext@53af6098: startup date [Sat Jan 21 10:35:27 GMT 2017]; root of context hierarchy
10:35:27.028 [Test worker] DEBUG org.springframework.context.support.GenericApplicationContext - Bean factory for org.springframework.context.support.GenericApplicationContext@53af6098: org.springframework.beans.factory.support.DefaultListableBeanFactory@6cfecd25: defining beans [org.springframework.context.annotation.internalConfigurationAnnotationProcessor,org.springframework.context.annotation.internalAutowiredAnnotationProcessor,org.springframework.context.annotation.internalRequiredAnnotationProcessor,org.springframework.context.annotation.internalCommonAnnotationProcessor,org.springframework.context.annotation.internalPersistenceAnnotationProcessor,org.springframework.context.event.internalEventListenerProcessor,org.springframework.context.event.internalEventListenerFactory,restConfig,org.springframework.boot.test.mock.mockito.MockitoPostProcessor$SpyPostProcessor,org.springframework.boot.test.mock.mockito.MockitoPostProcessor]; root of factory hierarchy
10:35:27.029 [Test worker] DEBUG org.springframework.beans.factory.support.DefaultListableBeanFactory - Creating shared instance of singleton bean 'org.springframework.context.annotation.internalConfigurationAnnotationProcessor'
10:35:27.029 [Test worker] DEBUG org.springframework.beans.factory.support.DefaultListableBeanFactory - Creating instance of bean 'org.springframework.context.annotation.internalConfigurationAnnotationProcessor'
10:35:27.029 [Test worker] DEBUG org.springframework.beans.factory.support.DefaultListableBeanFactory - Eagerly caching bean 'org.springframework.context.annotation.internalConfigurationAnnotationProcessor' to allow for resolving potential circular references
10:35:27.029 [Test worker] DEBUG org.springframework.beans.factory.support.DefaultListableBeanFactory - Finished creating instance of bean 'org.springframework.context.annotation.internalConfigurationAnnotationProcessor'
10:35:27.030 [Test worker] DEBUG org.springframework.context.annotation.ConfigurationClassBeanDefinitionReader - Registering bean definition for @Bean method org.frank.bogle.config.RestConfig.builder()
10:35:27.030 [Test worker] DEBUG org.springframework.context.annotation.ConfigurationClassBeanDefinitionReader - Registering bean definition for @Bean method org.frank.bogle.config.RestConfig.restTemplate()
10:35:27.031 [Test worker] DEBUG org.springframework.context.annotation.ConfigurationClassEnhancer - Successfully enhanced org.frank.bogle.config.RestConfig; enhanced class name is: org.frank.bogle.config.RestConfig$$EnhancerBySpringCGLIB$$ad48927a
10:35:27.031 [Test worker] DEBUG org.springframework.context.annotation.ConfigurationClassPostProcessor - Replacing bean definition 'restConfig' existing class 'org.frank.bogle.config.RestConfig' with enhanced class 'org.frank.bogle.config.RestConfig$$EnhancerBySpringCGLIB$$ad48927a'
10:35:27.031 [Test worker] DEBUG org.springframework.beans.factory.support.DefaultListableBeanFactory - Creating shared instance of singleton bean 'org.springframework.boot.test.mock.mockito.MockitoPostProcessor'
10:35:27.031 [Test worker] DEBUG org.springframework.beans.factory.support.DefaultListableBeanFactory - Creating instance of bean 'org.springframework.boot.test.mock.mockito.MockitoPostProcessor'
10:35:27.033 [Test worker] DEBUG org.springframework.beans.factory.support.DefaultListableBeanFactory - Eagerly caching bean 'org.springframework.boot.test.mock.mockito.MockitoPostProcessor' to allow for resolving potential circular references
10:35:27.034 [Test worker] DEBUG org.springframework.beans.factory.support.DefaultListableBeanFactory - Finished creating instance of bean 'org.springframework.boot.test.mock.mockito.MockitoPostProcessor'
10:35:27.035 [Test worker] DEBUG org.springframework.beans.factory.support.DefaultListableBeanFactory - Creating shared instance of singleton bean 'org.springframework.context.annotation.internalAutowiredAnnotationProcessor'
10:35:27.036 [Test worker] DEBUG org.springframework.beans.factory.support.DefaultListableBeanFactory - Creating instance of bean 'org.springframework.context.annotation.internalAutowiredAnnotationProcessor'
10:35:27.036 [Test worker] DEBUG org.springframework.beans.factory.support.DefaultListableBeanFactory - Eagerly caching bean 'org.springframework.context.annotation.internalAutowiredAnnotationProcessor' to allow for resolving potential circular references
10:35:27.036 [Test worker] DEBUG org.springframework.beans.factory.support.DefaultListableBeanFactory - Finished creating instance of bean 'org.springframework.context.annotation.internalAutowiredAnnotationProcessor'
10:35:27.037 [Test worker] DEBUG org.springframework.beans.factory.support.DefaultListableBeanFactory - Creating shared instance of singleton bean 'org.springframework.context.annotation.internalRequiredAnnotationProcessor'
10:35:27.037 [Test worker] DEBUG org.springframework.beans.factory.support.DefaultListableBeanFactory - Creating instance of bean 'org.springframework.context.annotation.internalRequiredAnnotationProcessor'
10:35:27.037 [Test worker] DEBUG org.springframework.beans.factory.support.DefaultListableBeanFactory - Eagerly caching bean 'org.springframework.context.annotation.internalRequiredAnnotationProcessor' to allow for resolving potential circular references
10:35:27.037 [Test worker] DEBUG org.springframework.beans.factory.support.DefaultListableBeanFactory - Finished creating instance of bean 'org.springframework.context.annotation.internalRequiredAnnotationProcessor'
10:35:27.037 [Test worker] DEBUG org.springframework.beans.factory.support.DefaultListableBeanFactory - Creating shared instance of singleton bean 'org.springframework.context.annotation.internalCommonAnnotationProcessor'
10:35:27.038 [Test worker] DEBUG org.springframework.beans.factory.support.DefaultListableBeanFactory - Creating instance of bean 'org.springframework.context.annotation.internalCommonAnnotationProcessor'
10:35:27.038 [Test worker] DEBUG org.springframework.beans.factory.support.DefaultListableBeanFactory - Eagerly caching bean 'org.springframework.context.annotation.internalCommonAnnotationProcessor' to allow for resolving potential circular references
10:35:27.038 [Test worker] DEBUG org.springframework.beans.factory.support.DefaultListableBeanFactory - Finished creating instance of bean 'org.springframework.context.annotation.internalCommonAnnotationProcessor'
10:35:27.038 [Test worker] DEBUG org.springframework.beans.factory.support.DefaultListableBeanFactory - Creating shared instance of singleton bean 'org.springframework.context.annotation.internalPersistenceAnnotationProcessor'
10:35:27.038 [Test worker] DEBUG org.springframework.beans.factory.support.DefaultListableBeanFactory - Creating instance of bean 'org.springframework.context.annotation.internalPersistenceAnnotationProcessor'
10:35:27.038 [Test worker] DEBUG org.springframework.beans.factory.support.DefaultListableBeanFactory - Eagerly caching bean 'org.springframework.context.annotation.internalPersistenceAnnotationProcessor' to allow for resolving potential circular references
10:35:27.038 [Test worker] DEBUG org.springframework.beans.factory.support.DefaultListableBeanFactory - Finished creating instance of bean 'org.springframework.context.annotation.internalPersistenceAnnotationProcessor'
10:35:27.039 [Test worker] DEBUG org.springframework.beans.factory.support.DefaultListableBeanFactory - Creating shared instance of singleton bean 'org.springframework.boot.test.mock.mockito.MockitoPostProcessor$SpyPostProcessor'
10:35:27.039 [Test worker] DEBUG org.springframework.beans.factory.support.DefaultListableBeanFactory - Creating instance of bean 'org.springframework.boot.test.mock.mockito.MockitoPostProcessor$SpyPostProcessor'
10:35:27.039 [Test worker] DEBUG org.springframework.beans.factory.support.DefaultListableBeanFactory - Returning cached instance of singleton bean 'org.springframework.boot.test.mock.mockito.MockitoPostProcessor'
10:35:27.039 [Test worker] DEBUG org.springframework.beans.factory.support.DefaultListableBeanFactory - Eagerly caching bean 'org.springframework.boot.test.mock.mockito.MockitoPostProcessor$SpyPostProcessor' to allow for resolving potential circular references
10:35:27.039 [Test worker] DEBUG org.springframework.beans.factory.support.DefaultListableBeanFactory - Finished creating instance of bean 'org.springframework.boot.test.mock.mockito.MockitoPostProcessor$SpyPostProcessor'
10:35:27.039 [Test worker] DEBUG org.springframework.beans.factory.support.DefaultListableBeanFactory - Creating shared instance of singleton bean 'org.springframework.context.annotation.ConfigurationClassPostProcessor.importAwareProcessor'
10:35:27.039 [Test worker] DEBUG org.springframework.beans.factory.support.DefaultListableBeanFactory - Creating instance of bean 'org.springframework.context.annotation.ConfigurationClassPostProcessor.importAwareProcessor'
10:35:27.039 [Test worker] DEBUG org.springframework.beans.factory.support.DefaultListableBeanFactory - Eagerly caching bean 'org.springframework.context.annotation.ConfigurationClassPostProcessor.importAwareProcessor' to allow for resolving potential circular references
10:35:27.039 [Test worker] DEBUG org.springframework.beans.factory.support.DefaultListableBeanFactory - Finished creating instance of bean 'org.springframework.context.annotation.ConfigurationClassPostProcessor.importAwareProcessor'
10:35:27.039 [Test worker] DEBUG org.springframework.beans.factory.support.DefaultListableBeanFactory - Creating shared instance of singleton bean 'org.springframework.context.annotation.ConfigurationClassPostProcessor.enhancedConfigurationProcessor'
10:35:27.039 [Test worker] DEBUG org.springframework.beans.factory.support.DefaultListableBeanFactory - Creating instance of bean 'org.springframework.context.annotation.ConfigurationClassPostProcessor.enhancedConfigurationProcessor'
10:35:27.039 [Test worker] DEBUG org.springframework.beans.factory.support.DefaultListableBeanFactory - Eagerly caching bean 'org.springframework.context.annotation.ConfigurationClassPostProcessor.enhancedConfigurationProcessor' to allow for resolving potential circular references
10:35:27.039 [Test worker] DEBUG org.springframework.beans.factory.support.DefaultListableBeanFactory - Finished creating instance of bean 'org.springframework.context.annotation.ConfigurationClassPostProcessor.enhancedConfigurationProcessor'
10:35:27.039 [Test worker] DEBUG org.springframework.beans.factory.support.DefaultListableBeanFactory - Returning cached instance of singleton bean 'org.springframework.boot.test.mock.mockito.MockitoPostProcessor'
10:35:27.039 [Test worker] DEBUG org.springframework.beans.factory.support.DefaultListableBeanFactory - Returning cached instance of singleton bean 'org.springframework.boot.test.autoconfigure.properties.PropertyMappingContextCustomizer$PropertyMappingCheckBeanPostProcessor'
10:35:27.039 [Test worker] DEBUG org.springframework.context.support.GenericApplicationContext - Unable to locate MessageSource with name 'messageSource': using default [org.springframework.context.support.DelegatingMessageSource@69a84555]
10:35:27.040 [Test worker] DEBUG org.springframework.context.support.GenericApplicationContext - Unable to locate ApplicationEventMulticaster with name 'applicationEventMulticaster': using default [org.springframework.context.event.SimpleApplicationEventMulticaster@43fe28c2]
10:35:27.040 [Test worker] DEBUG org.springframework.beans.factory.support.DefaultListableBeanFactory - Pre-instantiating singletons in org.springframework.beans.factory.support.DefaultListableBeanFactory@6cfecd25: defining beans [org.springframework.context.annotation.internalConfigurationAnnotationProcessor,org.springframework.context.annotation.internalAutowiredAnnotationProcessor,org.springframework.context.annotation.internalRequiredAnnotationProcessor,org.springframework.context.annotation.internalCommonAnnotationProcessor,org.springframework.context.annotation.internalPersistenceAnnotationProcessor,org.springframework.context.event.internalEventListenerProcessor,org.springframework.context.event.internalEventListenerFactory,restConfig,org.springframework.boot.test.mock.mockito.MockitoPostProcessor$SpyPostProcessor,org.springframework.boot.test.mock.mockito.MockitoPostProcessor,org.springframework.context.annotation.ConfigurationClassPostProcessor.importAwareProcessor,org.springframework.context.annotation.ConfigurationClassPostProcessor.enhancedConfigurationProcessor,builder,restTemplate]; root of factory hierarchy
10:35:27.040 [Test worker] DEBUG org.springframework.beans.factory.support.DefaultListableBeanFactory - Returning cached instance of singleton bean 'org.springframework.context.annotation.internalConfigurationAnnotationProcessor'
10:35:27.040 [Test worker] DEBUG org.springframework.beans.factory.support.DefaultListableBeanFactory - Returning cached instance of singleton bean 'org.springframework.context.annotation.internalAutowiredAnnotationProcessor'
10:35:27.040 [Test worker] DEBUG org.springframework.beans.factory.support.DefaultListableBeanFactory - Returning cached instance of singleton bean 'org.springframework.context.annotation.internalRequiredAnnotationProcessor'
10:35:27.040 [Test worker] DEBUG org.springframework.beans.factory.support.DefaultListableBeanFactory - Returning cached instance of singleton bean 'org.springframework.context.annotation.internalCommonAnnotationProcessor'
10:35:27.040 [Test worker] DEBUG org.springframework.beans.factory.support.DefaultListableBeanFactory - Returning cached instance of singleton bean 'org.springframework.context.annotation.internalPersistenceAnnotationProcessor'
10:35:27.040 [Test worker] DEBUG org.springframework.beans.factory.support.DefaultListableBeanFactory - Creating shared instance of singleton bean 'org.springframework.context.event.internalEventListenerProcessor'
10:35:27.040 [Test worker] DEBUG org.springframework.beans.factory.support.DefaultListableBeanFactory - Creating instance of bean 'org.springframework.context.event.internalEventListenerProcessor'
10:35:27.041 [Test worker] DEBUG org.springframework.beans.factory.support.DefaultListableBeanFactory - Eagerly caching bean 'org.springframework.context.event.internalEventListenerProcessor' to allow for resolving potential circular references
10:35:27.042 [Test worker] DEBUG org.springframework.beans.factory.support.DefaultListableBeanFactory - Finished creating instance of bean 'org.springframework.context.event.internalEventListenerProcessor'
10:35:27.042 [Test worker] DEBUG org.springframework.beans.factory.support.DefaultListableBeanFactory - Creating shared instance of singleton bean 'org.springframework.context.event.internalEventListenerFactory'
10:35:27.042 [Test worker] DEBUG org.springframework.beans.factory.support.DefaultListableBeanFactory - Creating instance of bean 'org.springframework.context.event.internalEventListenerFactory'
10:35:27.042 [Test worker] DEBUG org.springframework.beans.factory.support.DefaultListableBeanFactory - Eagerly caching bean 'org.springframework.context.event.internalEventListenerFactory' to allow for resolving potential circular references
10:35:27.043 [Test worker] DEBUG org.springframework.beans.factory.support.DefaultListableBeanFactory - Finished creating instance of bean 'org.springframework.context.event.internalEventListenerFactory'
10:35:27.043 [Test worker] DEBUG org.springframework.beans.factory.support.DefaultListableBeanFactory - Creating shared instance of singleton bean 'restConfig'
10:35:27.043 [Test worker] DEBUG org.springframework.beans.factory.support.DefaultListableBeanFactory - Creating instance of bean 'restConfig'
10:35:27.044 [Test worker] DEBUG org.springframework.beans.factory.support.DefaultListableBeanFactory - Eagerly caching bean 'restConfig' to allow for resolving potential circular references
10:35:27.046 [Test worker] DEBUG org.springframework.beans.factory.support.DefaultListableBeanFactory - Finished creating instance of bean 'restConfig'
10:35:27.046 [Test worker] DEBUG org.springframework.beans.factory.support.DefaultListableBeanFactory - Returning cached instance of singleton bean 'org.springframework.boot.test.mock.mockito.MockitoPostProcessor$SpyPostProcessor'
10:35:27.046 [Test worker] DEBUG org.springframework.beans.factory.support.DefaultListableBeanFactory - Returning cached instance of singleton bean 'org.springframework.boot.test.mock.mockito.MockitoPostProcessor'
10:35:27.046 [Test worker] DEBUG org.springframework.beans.factory.support.DefaultListableBeanFactory - Returning cached instance of singleton bean 'org.springframework.context.annotation.ConfigurationClassPostProcessor.importAwareProcessor'
10:35:27.046 [Test worker] DEBUG org.springframework.beans.factory.support.DefaultListableBeanFactory - Returning cached instance of singleton bean 'org.springframework.context.annotation.ConfigurationClassPostProcessor.enhancedConfigurationProcessor'
10:35:27.046 [Test worker] DEBUG org.springframework.beans.factory.support.DefaultListableBeanFactory - Creating shared instance of singleton bean 'builder'
10:35:27.046 [Test worker] DEBUG org.springframework.beans.factory.support.DefaultListableBeanFactory - Creating instance of bean 'builder'
10:35:27.047 [Test worker] DEBUG org.springframework.beans.factory.support.DefaultListableBeanFactory - Returning cached instance of singleton bean 'restConfig'
10:35:27.047 [Test worker] DEBUG org.springframework.beans.factory.support.DefaultListableBeanFactory - Eagerly caching bean 'builder' to allow for resolving potential circular references
10:35:27.048 [Test worker] DEBUG org.springframework.beans.factory.support.DefaultListableBeanFactory - Finished creating instance of bean 'builder'
10:35:27.048 [Test worker] DEBUG org.springframework.beans.factory.support.DefaultListableBeanFactory - Creating shared instance of singleton bean 'restTemplate'
10:35:27.049 [Test worker] DEBUG org.springframework.beans.factory.support.DefaultListableBeanFactory - Creating instance of bean 'restTemplate'
10:35:27.049 [Test worker] DEBUG org.springframework.beans.factory.support.DefaultListableBeanFactory - Returning cached instance of singleton bean 'restConfig'
10:35:27.049 [Test worker] DEBUG org.springframework.beans.factory.support.DefaultListableBeanFactory - Returning cached instance of singleton bean 'builder'
10:35:27.054 [Test worker] DEBUG org.springframework.beans.factory.support.DefaultListableBeanFactory - Eagerly caching bean 'restTemplate' to allow for resolving potential circular references
10:35:27.057 [Test worker] DEBUG org.springframework.beans.factory.support.DefaultListableBeanFactory - Finished creating instance of bean 'restTemplate'
10:35:27.058 [Test worker] DEBUG org.springframework.beans.factory.support.DefaultListableBeanFactory - Returning cached instance of singleton bean 'org.springframework.context.event.internalEventListenerFactory'
10:35:27.066 [Test worker] DEBUG org.springframework.context.support.GenericApplicationContext - Unable to locate LifecycleProcessor with name 'lifecycleProcessor': using default [org.springframework.context.support.DefaultLifecycleProcessor@43db2859]
10:35:27.066 [Test worker] DEBUG org.springframework.beans.factory.support.DefaultListableBeanFactory - Returning cached instance of singleton bean 'lifecycleProcessor'
10:35:27.066 [Test worker] DEBUG org.springframework.core.env.PropertySourcesPropertyResolver - Could not find key 'spring.liveBeansView.mbeanDomain' in any property source
10:35:27.066 [Test worker] DEBUG org.springframework.test.context.cache.DefaultCacheAwareContextLoaderDelegate - Storing ApplicationContext in cache under key [[MergedContextConfiguration@3536da0c testClass = RestTest, locations = '{}', classes = '{class org.frank.bogle.config.RestConfig}', contextInitializerClasses = '[]', activeProfiles = '{}', propertySourceLocations = '{}', propertySourceProperties = '{}', contextCustomizers = set[org.springframework.boot.test.context.filter.ExcludeFilterContextCustomizer@69df7d87, org.springframework.boot.test.mock.mockito.MockitoContextCustomizer@0, org.springframework.boot.test.autoconfigure.properties.PropertyMappingContextCustomizer@0, org.springframework.boot.test.autoconfigure.web.servlet.WebDriverContextCustomizerFactory$Customizer@722166e6], contextLoader = 'org.springframework.test.context.support.DelegatingSmartContextLoader', parent = [null]]]
10:35:27.066 [Test worker] DEBUG org.springframework.test.context.cache - Spring test ApplicationContext cache statistics: [DefaultContextCache@34c4e7c4 size = 2, maxSize = 32, parentContextCount = 0, hitCount = 14, missCount = 2]
10:35:27.068 [Test worker] DEBUG org.springframework.beans.factory.annotation.InjectionMetadata - Processing injected element of bean 'test.frank.bogle.restapi.RestTest': AutowiredFieldElement for private org.springframework.web.client.RestTemplate test.frank.bogle.restapi.RestTest.restTemplate
10:35:27.068 [Test worker] DEBUG org.springframework.beans.factory.support.DefaultListableBeanFactory - Returning cached instance of singleton bean 'restTemplate'
10:35:27.068 [Test worker] DEBUG org.springframework.beans.factory.annotation.AutowiredAnnotationBeanPostProcessor - Autowiring by type from bean name 'test.frank.bogle.restapi.RestTest' to bean named 'restTemplate'
10:35:27.069 [Test worker] DEBUG org.springframework.test.context.support.AbstractDirtiesContextTestExecutionListener - Before test method: context [DefaultTestContext@2962d191 testClass = RestTest, testInstance = test.frank.bogle.restapi.RestTest@9182907, testMethod = testMultipleStatusCode@RestTest, testException = [null], mergedContextConfiguration = [MergedContextConfiguration@3536da0c testClass = RestTest, locations = '{}', classes = '{class org.frank.bogle.config.RestConfig}', contextInitializerClasses = '[]', activeProfiles = '{}', propertySourceLocations = '{}', propertySourceProperties = '{}', contextCustomizers = set[org.springframework.boot.test.context.filter.ExcludeFilterContextCustomizer@69df7d87, org.springframework.boot.test.mock.mockito.MockitoContextCustomizer@0, org.springframework.boot.test.autoconfigure.properties.PropertyMappingContextCustomizer@0, org.springframework.boot.test.autoconfigure.web.servlet.WebDriverContextCustomizerFactory$Customizer@722166e6], contextLoader = 'org.springframework.test.context.support.DelegatingSmartContextLoader', parent = [null]]], class annotated with @DirtiesContext [false] with mode [null], method annotated with @DirtiesContext [false] with mode [null].
10:35:27.071 [Test worker] DEBUG org.springframework.test.context.cache.DefaultCacheAwareContextLoaderDelegate - Retrieved ApplicationContext from cache with key [[MergedContextConfiguration@3536da0c testClass = RestTest, locations = '{}', classes = '{class org.frank.bogle.config.RestConfig}', contextInitializerClasses = '[]', activeProfiles = '{}', propertySourceLocations = '{}', propertySourceProperties = '{}', contextCustomizers = set[org.springframework.boot.test.context.filter.ExcludeFilterContextCustomizer@69df7d87, org.springframework.boot.test.mock.mockito.MockitoContextCustomizer@0, org.springframework.boot.test.autoconfigure.properties.PropertyMappingContextCustomizer@0, org.springframework.boot.test.autoconfigure.web.servlet.WebDriverContextCustomizerFactory$Customizer@722166e6], contextLoader = 'org.springframework.test.context.support.DelegatingSmartContextLoader', parent = [null]]]
10:35:27.071 [Test worker] DEBUG org.springframework.test.context.cache - Spring test ApplicationContext cache statistics: [DefaultContextCache@34c4e7c4 size = 2, maxSize = 32, parentContextCount = 0, hitCount = 15, missCount = 2]
10:35:27.071 [Test worker] DEBUG org.springframework.beans.factory.support.DefaultListableBeanFactory - Returning cached instance of singleton bean 'org.springframework.context.annotation.internalConfigurationAnnotationProcessor'
10:35:27.071 [Test worker] DEBUG org.springframework.beans.factory.support.DefaultListableBeanFactory - Returning cached instance of singleton bean 'org.springframework.context.annotation.internalAutowiredAnnotationProcessor'
10:35:27.071 [Test worker] DEBUG org.springframework.beans.factory.support.DefaultListableBeanFactory - Returning cached instance of singleton bean 'org.springframework.context.annotation.internalRequiredAnnotationProcessor'
10:35:27.071 [Test worker] DEBUG org.springframework.beans.factory.support.DefaultListableBeanFactory - Returning cached instance of singleton bean 'org.springframework.context.annotation.internalCommonAnnotationProcessor'
10:35:27.072 [Test worker] DEBUG org.springframework.beans.factory.support.DefaultListableBeanFactory - Returning cached instance of singleton bean 'org.springframework.context.annotation.internalPersistenceAnnotationProcessor'
10:35:27.072 [Test worker] DEBUG org.springframework.beans.factory.support.DefaultListableBeanFactory - Returning cached instance of singleton bean 'org.springframework.context.event.internalEventListenerProcessor'
10:35:27.072 [Test worker] DEBUG org.springframework.beans.factory.support.DefaultListableBeanFactory - Returning cached instance of singleton bean 'org.springframework.context.event.internalEventListenerFactory'
10:35:27.072 [Test worker] DEBUG org.springframework.beans.factory.support.DefaultListableBeanFactory - Returning cached instance of singleton bean 'restConfig'
10:35:27.072 [Test worker] DEBUG org.springframework.beans.factory.support.DefaultListableBeanFactory - Returning cached instance of singleton bean 'org.springframework.boot.test.mock.mockito.MockitoPostProcessor$SpyPostProcessor'
10:35:27.072 [Test worker] DEBUG org.springframework.beans.factory.support.DefaultListableBeanFactory - Returning cached instance of singleton bean 'org.springframework.boot.test.mock.mockito.MockitoPostProcessor'
10:35:27.072 [Test worker] DEBUG org.springframework.beans.factory.support.DefaultListableBeanFactory - Returning cached instance of singleton bean 'org.springframework.context.annotation.ConfigurationClassPostProcessor.importAwareProcessor'
10:35:27.072 [Test worker] DEBUG org.springframework.beans.factory.support.DefaultListableBeanFactory - Returning cached instance of singleton bean 'org.springframework.context.annotation.ConfigurationClassPostProcessor.enhancedConfigurationProcessor'
10:35:27.072 [Test worker] DEBUG org.springframework.beans.factory.support.DefaultListableBeanFactory - Returning cached instance of singleton bean 'builder'
10:35:27.072 [Test worker] DEBUG org.springframework.beans.factory.support.DefaultListableBeanFactory - Returning cached instance of singleton bean 'restTemplate'
10:35:27.072 [Test worker] DEBUG org.springframework.beans.factory.support.DefaultListableBeanFactory - Returning cached instance of singleton bean 'org.springframework.boot.test.mock.mockito.MockitoBeans'
10:35:27.072 [Test worker] DEBUG org.springframework.web.client.RestTemplate - Created GET request for "http://yapreunion30.cfapps.io/getrestpersons"
10:35:27.072 [Test worker] DEBUG org.springframework.web.client.RestTemplate - Setting request Accept header to [application/json, application/*+json]
10:35:27.073 [Test worker] DEBUG org.apache.http.client.protocol.RequestAddCookies - CookieSpec selected: default
10:35:27.073 [Test worker] DEBUG org.apache.http.client.protocol.RequestAuthCache - Auth cache not set in the context
10:35:27.073 [Test worker] DEBUG org.apache.http.impl.conn.PoolingHttpClientConnectionManager - Connection request: [route: {}->http://yapreunion30.cfapps.io:80][total kept alive: 0; route allocated: 0 of 5; total allocated: 0 of 10]
10:35:27.073 [Test worker] DEBUG org.apache.http.impl.conn.PoolingHttpClientConnectionManager - Connection leased: [id: 1][route: {}->http://yapreunion30.cfapps.io:80][total kept alive: 0; route allocated: 1 of 5; total allocated: 1 of 10]
10:35:27.073 [Test worker] DEBUG org.apache.http.impl.execchain.MainClientExec - Opening connection {}->http://yapreunion30.cfapps.io:80
10:35:27.073 [Test worker] DEBUG org.apache.http.impl.conn.DefaultHttpClientConnectionOperator - Connecting to yapreunion30.cfapps.io/34.192.77.235:80
10:35:27.191 [Test worker] DEBUG org.apache.http.impl.conn.DefaultHttpClientConnectionOperator - Connection established 192.168.1.64:58569<->34.192.77.235:80
10:35:27.192 [Test worker] DEBUG org.apache.http.impl.execchain.MainClientExec - Executing request GET /getrestpersons HTTP/1.1
10:35:27.192 [Test worker] DEBUG org.apache.http.impl.execchain.MainClientExec - Target auth state: UNCHALLENGED
10:35:27.192 [Test worker] DEBUG org.apache.http.impl.execchain.MainClientExec - Proxy auth state: UNCHALLENGED
10:35:27.192 [Test worker] DEBUG org.apache.http.headers - http-outgoing-1 >> GET /getrestpersons HTTP/1.1
10:35:27.192 [Test worker] DEBUG org.apache.http.headers - http-outgoing-1 >> Accept: application/json, application/*+json
10:35:27.192 [Test worker] DEBUG org.apache.http.headers - http-outgoing-1 >> Host: yapreunion30.cfapps.io
10:35:27.192 [Test worker] DEBUG org.apache.http.headers - http-outgoing-1 >> Connection: Keep-Alive
10:35:27.192 [Test worker] DEBUG org.apache.http.headers - http-outgoing-1 >> User-Agent: Apache-HttpClient/4.5.2 (Java/1.8.0_101)
10:35:27.192 [Test worker] DEBUG org.apache.http.headers - http-outgoing-1 >> Accept-Encoding: gzip,deflate
10:35:27.192 [Test worker] DEBUG org.apache.http.wire - http-outgoing-1 >> "GET /getrestpersons HTTP/1.1[\r][\n]"
10:35:27.192 [Test worker] DEBUG org.apache.http.wire - http-outgoing-1 >> "Accept: application/json, application/*+json[\r][\n]"
10:35:27.192 [Test worker] DEBUG org.apache.http.wire - http-outgoing-1 >> "Host: yapreunion30.cfapps.io[\r][\n]"
10:35:27.192 [Test worker] DEBUG org.apache.http.wire - http-outgoing-1 >> "Connection: Keep-Alive[\r][\n]"
10:35:27.192 [Test worker] DEBUG org.apache.http.wire - http-outgoing-1 >> "User-Agent: Apache-HttpClient/4.5.2 (Java/1.8.0_101)[\r][\n]"
10:35:27.192 [Test worker] DEBUG org.apache.http.wire - http-outgoing-1 >> "Accept-Encoding: gzip,deflate[\r][\n]"
10:35:27.192 [Test worker] DEBUG org.apache.http.wire - http-outgoing-1 >> "[\r][\n]"
10:35:27.304 [Test worker] DEBUG org.apache.http.wire - http-outgoing-1 << "HTTP/1.1 302 Found[\r][\n]"
10:35:27.305 [Test worker] DEBUG org.apache.http.wire - http-outgoing-1 << "Cache-Control: no-cache, no-store, max-age=0, must-revalidate[\r][\n]"
10:35:27.305 [Test worker] DEBUG org.apache.http.wire - http-outgoing-1 << "Content-Type: application/json;charset=UTF-8[\r][\n]"
10:35:27.305 [Test worker] DEBUG org.apache.http.wire - http-outgoing-1 << "Date: Sat, 21 Jan 2017 10:35:26 GMT[\r][\n]"
10:35:27.305 [Test worker] DEBUG org.apache.http.wire - http-outgoing-1 << "Expires: 0[\r][\n]"
10:35:27.305 [Test worker] DEBUG org.apache.http.wire - http-outgoing-1 << "Pragma: no-cache[\r][\n]"
10:35:27.305 [Test worker] DEBUG org.apache.http.wire - http-outgoing-1 << "X-Application-Context: yapreunion30:cloud:0[\r][\n]"
10:35:27.305 [Test worker] DEBUG org.apache.http.wire - http-outgoing-1 << "X-Content-Type-Options: nosniff[\r][\n]"
10:35:27.305 [Test worker] DEBUG org.apache.http.wire - http-outgoing-1 << "X-Frame-Options: DENY[\r][\n]"
10:35:27.305 [Test worker] DEBUG org.apache.http.wire - http-outgoing-1 << "X-Vcap-Request-Id: 4d4cb33f-8807-47c5-6fb1-b1c20a54dd10[\r][\n]"
10:35:27.305 [Test worker] DEBUG org.apache.http.wire - http-outgoing-1 << "X-Xss-Protection: 1; mode=block[\r][\n]"
10:35:27.305 [Test worker] DEBUG org.apache.http.wire - http-outgoing-1 << "transfer-encoding: chunked[\r][\n]"
10:35:27.305 [Test worker] DEBUG org.apache.http.wire - http-outgoing-1 << "Connection: keep-alive[\r][\n]"
10:35:27.305 [Test worker] DEBUG org.apache.http.wire - http-outgoing-1 << "[\r][\n]"
10:35:27.305 [Test worker] DEBUG org.apache.http.wire - http-outgoing-1 << "2332[\r][\n]"
10:35:27.305 [Test worker] DEBUG org.apache.http.wire - http-outgoing-1 << "[ {[\n]"
10:35:27.305 [Test worker] DEBUG org.apache.http.wire - http-outgoing-1 << "  "id" : "578ff89291963c22d26659df",[\n]"
10:35:27.305 [Test worker] DEBUG org.apache.http.wire - http-outgoing-1 << "  "email" : "fcbogle@gmail.com",[\n]"
10:35:27.305 [Test worker] DEBUG org.apache.http.wire - http-outgoing-1 << "  "firstName" : "Frank",[\n]"
10:35:27.305 [Test worker] DEBUG org.apache.http.wire - http-outgoing-1 << "  "lastName" : "Bogle",[\n]"
10:35:27.305 [Test worker] DEBUG org.apache.http.wire - http-outgoing-1 << "  "contactMobile" : "07714711103"[\n]"
10:35:27.305 [Test worker] DEBUG org.apache.http.wire - http-outgoing-1 << "}, {[\n]"
10:35:27.305 [Test worker] DEBUG org.apache.http.wire - http-outgoing-1 << "  "id" : "5790af7791963c22d26659e0",[\n]"
10:35:27.305 [Test worker] DEBUG org.apache.http.wire - http-outgoing-1 << "  "email" : "vladimirfelzmann@rcdow.org.uk",[\n]"
10:35:27.305 [Test worker] DEBUG org.apache.http.wire - http-outgoing-1 << "  "firstName" : "vladimir",[\n]"
10:35:27.305 [Test worker] DEBUG org.apache.http.wire - http-outgoing-1 << "  "lastName" : "felzmann",[\n]"
10:35:27.305 [Test worker] DEBUG org.apache.http.wire - http-outgoing-1 << "  "contactMobile" : "020 8981 9697"[\n]"
10:35:27.305 [Test worker] DEBUG org.apache.http.wire - http-outgoing-1 << "}, {[\n]"
10:35:27.305 [Test worker] DEBUG org.apache.http.wire - http-outgoing-1 << "  "id" : "57910afe91963c22d26659e1",[\n]"
10:35:27.305 [Test worker] DEBUG org.apache.http.wire - http-outgoing-1 << "  "email" : "fionamab@tiscali.co.uk",[\n]"
10:35:27.305 [Test worker] DEBUG org.apache.http.wire - http-outgoing-1 << "  "firstName" : "Fiona",[\n]"
10:35:27.305 [Test worker] DEBUG org.apache.http.wire - http-outgoing-1 << "  "lastName" : "Bogle",[\n]"
10:35:27.305 [Test worker] DEBUG org.apache.http.wire - http-outgoing-1 << "  "contactMobile" : "07881902489"[\n]"
10:35:27.305 [Test worker] DEBUG org.apache.http.wire - http-outgoing-1 << "}, {[\n]"
10:35:27.305 [Test worker] DEBUG org.apache.http.wire - http-outgoing-1 << "  "id" : "5798a064bb0646b2049112fe",[\n]"
10:35:27.305 [Test worker] DEBUG org.apache.http.wire - http-outgoing-1 << "  "email" : "jmcmahon059@aol.com",[\n]"
10:35:27.305 [Test worker] DEBUG org.apache.http.wire - http-outgoing-1 << "  "firstName" : "Julie",[\n]"
10:35:27.305 [Test worker] DEBUG org.apache.http.wire - http-outgoing-1 << "  "lastName" : "McMahon",[\n]"
10:35:27.305 [Test worker] DEBUG org.apache.http.wire - http-outgoing-1 << "  "contactMobile" : "2077989381"[\n]"
10:35:27.305 [Test worker] DEBUG org.apache.http.wire - http-outgoing-1 << "}, {[\n]"
10:35:27.305 [Test worker] DEBUG org.apache.http.wire - http-outgoing-1 << "  "id" : "57992f483b7a1f0f276f6da3",[\n]"
10:35:27.305 [Test worker] DEBUG org.apache.http.wire - http-outgoing-1 << "  "email" : "moloneyanne@hotmail.com",[\n]"
10:35:27.305 [Test worker] DEBUG org.apache.http.wire - http-outgoing-1 << "  "firstName" : "Anne ",[\n]"
10:35:27.305 [Test worker] DEBUG org.apache.http.wire - http-outgoing-1 << "  "lastName" : "Moloney",[\n]"
10:35:27.305 [Test worker] DEBUG org.apache.http.wire - http-outgoing-1 << "  "contactMobile" : "07985943169"[\n]"
10:35:27.305 [Test worker] DEBUG org.apache.http.wire - http-outgoing-1 << "}, {[\n]"
10:35:27.305 [Test worker] DEBUG org.apache.http.wire - http-outgoing-1 << "  "id" : "579937423b7a1f0f276f6da4",[\n]"
10:35:27.305 [Test worker] DEBUG org.apache.http.wire - http-outgoing-1 << "  "email" : "william.carson@ldblondon.com",[\n]"
10:35:27.305 [Test worker] DEBUG org.apache.http.wire - http-outgoing-1 << "  "firstName" : "William",[\n]"
10:35:27.305 [Test worker] DEBUG org.apache.http.wire - http-outgoing-1 << "  "lastName" : "Carson",[\n]"
10:35:27.305 [Test worker] DEBUG org.apache.http.wire - http-outgoing-1 << "  "contactMobile" : "07734220058"[\n]"
10:35:27.305 [Test worker] DEBUG org.apache.http.wire - http-outgoing-1 << "}, {[\n]"
10:35:27.305 [Test worker] DEBUG org.apache.http.wire - http-outgoing-1 << "  "id" : "5799b1b53b7a1f0f276f6da5",[\n]"
10:35:27.305 [Test worker] DEBUG org.apache.http.wire - http-outgoing-1 << "  "email" : "rjmvidal@btinternet.com",[\n]"
10:35:27.305 [Test worker] DEBUG org.apache.http.wire - http-outgoing-1 << "  "firstName" : "Royer",[\n]"
10:35:27.305 [Test worker] DEBUG org.apache.http.wire - http-outgoing-1 << "  "lastName" : "Vidal",[\n]"
10:35:27.305 [Test worker] DEBUG org.apache.http.wire - http-outgoing-1 << "  "contactMobile" : "07760380313"[\n]"
10:35:27.305 [Test worker] DEBUG org.apache.http.wire - http-outgoing-1 << "}, {[\n]"
10:35:27.305 [Test worker] DEBUG org.apache.http.wire - http-outgoing-1 << "  "id" : "5799f02b3b7a1f0f276f6da6",[\n]"
10:35:27.305 [Test worker] DEBUG org.apache.http.wire - http-outgoing-1 << "  "email" : "realucy@yahoo.co.uk",[\n]"
10:35:27.305 [Test worker] DEBUG org.apache.http.wire - http-outgoing-1 << "  "firstName" : "Lucy",[\n]"
10:35:27.305 [Test worker] DEBUG org.apache.http.wire - http-outgoing-1 << "  "lastName" : "Bennett nee rea",[\n]"
10:35:27.305 [Test worker] DEBUG org.apache.http.wire - http-outgoing-1 << "  "contactMobile" : "07971461917"[\n]"
10:35:27.305 [Test worker] DEBUG org.apache.http.wire - http-outgoing-1 << "}, {[\n]"
10:35:27.305 [Test worker] DEBUG org.apache.http.wire - http-outgoing-1 << "  "id" : "5799f02c3b7a1f0f276f6da7",[\n]"
10:35:27.305 [Test worker] DEBUG org.apache.http.wire - http-outgoing-1 << "  "email" : "realucy@yahoo.co.uk",[\n]"
10:35:27.305 [Test worker] DEBUG org.apache.http.wire - http-outgoing-1 << "  "firstName" : "Lucy",[\n]"
10:35:27.305 [Test worker] DEBUG org.apache.http.wire - http-outgoing-1 << "  "lastName" : "Bennett nee rea",[\n]"
10:35:27.305 [Test worker] DEBUG org.apache.http.wire - http-outgoing-1 << "  "contactMobile" : "07971461917"[\n]"
10:35:27.305 [Test worker] DEBUG org.apache.http.wire - http-outgoing-1 << "}, {[\n]"
10:35:27.305 [Test worker] DEBUG org.apache.http.wire - http-outgoing-1 << "  "id" : "579e2d5c3b7a1f0f276f6da8",[\n]"
10:35:27.305 [Test worker] DEBUG org.apache.http.wire - http-outgoing-1 << "  "email" : "elizabethsimpson90@hotmail.com",[\n]"
10:35:27.305 [Test worker] DEBUG org.apache.http.wire - http-outgoing-1 << "  "firstName" : "Liz",[\n]"
10:35:27.305 [Test worker] DEBUG org.apache.http.wire - http-outgoing-1 << "  "lastName" : "Simpson",[\n]"
10:35:27.305 [Test worker] DEBUG org.apache.http.wire - http-outgoing-1 << "  "contactMobile" : "077661 98661"[\n]"
10:35:27.305 [Test worker] DEBUG org.apache.http.wire - http-outgoing-1 << "}, {[\n]"
10:35:27.305 [Test worker] DEBUG org.apache.http.wire - http-outgoing-1 << "  "id" : "579fc99a3b7a1f0f276f6da9",[\n]"
10:35:27.305 [Test worker] DEBUG org.apache.http.wire - http-outgoing-1 << "  "email" : "alanjryan@me.com",[\n]"
10:35:27.305 [Test worker] DEBUG org.apache.http.wire - http-outgoing-1 << "  "firstName" : "Alan",[\n]"
10:35:27.305 [Test worker] DEBUG org.apache.http.wire - http-outgoing-1 << "  "lastName" : "Ryan",[\n]"
10:35:27.305 [Test worker] DEBUG org.apache.http.wire - http-outgoing-1 << "  "contactMobile" : "07795418468"[\n]"
10:35:27.305 [Test worker] DEBUG org.apache.http.wire - http-outgoing-1 << "}, {[\n]"
10:35:27.305 [Test worker] DEBUG org.apache.http.wire - http-outgoing-1 << "  "id" : "57b72c95af46f1736a7b9c36",[\n]"
10:35:27.305 [Test worker] DEBUG org.apache.http.wire - http-outgoing-1 << "  "email" : "vtowers@tiscali.co.uk",[\n]"
10:35:27.305 [Test worker] DEBUG org.apache.http.wire - http-outgoing-1 << "  "firstName" : "Veronica",[\n]"
10:35:27.305 [Test worker] DEBUG org.apache.http.wire - http-outgoing-1 << "  "lastName" : "Towers",[\n]"
10:35:27.305 [Test worker] DEBUG org.apache.http.wire - http-outgoing-1 << "  "contactMobile" : "0208 767 3796"[\n]"
10:35:27.305 [Test worker] DEBUG org.apache.http.wire - http-outgoing-1 << "}, {[\n]"
10:35:27.305 [Test worker] DEBUG org.apache.http.wire - http-outgoing-1 << "  "id" : "57c31a9063a627ba38791b19",[\n]"
10:35:27.305 [Test worker] DEBUG org.apache.http.wire - http-outgoing-1 << "  "email" : "barbara@gompels.com",[\n]"
10:35:27.305 [Test worker] DEBUG org.apache.http.wire - http-outgoing-1 << "  "firstName" : "Barbara",[\n]"
10:35:27.305 [Test worker] DEBUG org.apache.http.wire - http-outgoing-1 << "  "lastName" : "Gompels",[\n]"
10:35:27.305 [Test worker] DEBUG org.apache.http.wire - http-outgoing-1 << "  "contactMobile" : "07738131451"[\n]"
10:35:27.305 [Test worker] DEBUG org.apache.http.wire - http-outgoing-1 << "}, {[\n]"
10:35:27.305 [Test worker] DEBUG org.apache.http.wire - http-outgoing-1 << "  "id" : "57c3d7b663a627ba38791b1a",[\n]"
10:35:27.305 [Test worker] DEBUG org.apache.http.wire - http-outgoing-1 << "  "email" : "wiffywillis@gmail.com",[\n]"
10:35:27.305 [Test worker] DEBUG org.apache.http.wire - http-outgoing-1 << "  "firstName" : "Rosie",[\n]"
10:35:27.305 [Test worker] DEBUG org.apache.http.wire - http-outgoing-1 << "  "lastName" : "Willis",[\n]"
10:35:27.305 [Test worker] DEBUG org.apache.http.wire - http-outgoing-1 << "  "contactMobile" : "07957571199"[\n]"
10:35:27.305 [Test worker] DEBUG org.apache.http.wire - http-outgoing-1 << "}, {[\n]"
10:35:27.305 [Test worker] DEBUG org.apache.http.wire - http-outgoing-1 << "  "id" : "57c5439263a627ba38791b1b",[\n]"
10:35:27.305 [Test worker] DEBUG org.apache.http.wire - http-outgoing-1 << "  "email" : "familywalsh@uwclub.net",[\n]"
10:35:27.305 [Test worker] DEBUG org.apache.http.wire - http-outgoing-1 << "  "firstName" : "David ""
10:35:27.305 [Test worker] DEBUG org.apache.http.headers - http-outgoing-1 << HTTP/1.1 302 Found
10:35:27.305 [Test worker] DEBUG org.apache.http.headers - http-outgoing-1 << Cache-Control: no-cache, no-store, max-age=0, must-revalidate
10:35:27.305 [Test worker] DEBUG org.apache.http.headers - http-outgoing-1 << Content-Type: application/json;charset=UTF-8
10:35:27.305 [Test worker] DEBUG org.apache.http.headers - http-outgoing-1 << Date: Sat, 21 Jan 2017 10:35:26 GMT
10:35:27.305 [Test worker] DEBUG org.apache.http.headers - http-outgoing-1 << Expires: 0
10:35:27.305 [Test worker] DEBUG org.apache.http.headers - http-outgoing-1 << Pragma: no-cache
10:35:27.305 [Test worker] DEBUG org.apache.http.headers - http-outgoing-1 << X-Application-Context: yapreunion30:cloud:0
10:35:27.305 [Test worker] DEBUG org.apache.http.headers - http-outgoing-1 << X-Content-Type-Options: nosniff
10:35:27.305 [Test worker] DEBUG org.apache.http.headers - http-outgoing-1 << X-Frame-Options: DENY
10:35:27.305 [Test worker] DEBUG org.apache.http.headers - http-outgoing-1 << X-Vcap-Request-Id: 4d4cb33f-8807-47c5-6fb1-b1c20a54dd10
10:35:27.305 [Test worker] DEBUG org.apache.http.headers - http-outgoing-1 << X-Xss-Protection: 1; mode=block
10:35:27.305 [Test worker] DEBUG org.apache.http.headers - http-outgoing-1 << transfer-encoding: chunked
10:35:27.305 [Test worker] DEBUG org.apache.http.headers - http-outgoing-1 << Connection: keep-alive
10:35:27.306 [Test worker] DEBUG org.apache.http.impl.execchain.MainClientExec - Connection can be kept alive indefinitely
10:35:27.306 [Test worker] DEBUG org.springframework.web.client.RestTemplate - GET request for "http://yapreunion30.cfapps.io/getrestpersons" resulted in 302 (Found)
10:35:27.306 [Test worker] DEBUG org.springframework.web.client.RestTemplate - Reading [class [Lorg.frank.bogle.model.Person;] as "application/json;charset=UTF-8" using [org.springframework.http.converter.json.MappingJackson2HttpMessageConverter@60eff511]
10:35:27.307 [Test worker] DEBUG org.apache.http.wire - http-outgoing-1 << ",[\n]"
10:35:27.307 [Test worker] DEBUG org.apache.http.wire - http-outgoing-1 << "  "lastName" : "Walsh",[\n]"
10:35:27.307 [Test worker] DEBUG org.apache.http.wire - http-outgoing-1 << "  "contactMobile" : "01892 545058"[\n]"
10:35:27.307 [Test worker] DEBUG org.apache.http.wire - http-outgoing-1 << "}, {[\n]"
10:35:27.307 [Test worker] DEBUG org.apache.http.wire - http-outgoing-1 << "  "id" : "57c57e2a63a627ba38791b1c",[\n]"
10:35:27.307 [Test worker] DEBUG org.apache.http.wire - http-outgoing-1 << "  "email" : "realucy@yahoo.co.uk",[\n]"
10:35:27.307 [Test worker] DEBUG org.apache.http.wire - http-outgoing-1 << "  "firstName" : "Lucy",[\n]"
10:35:27.307 [Test worker] DEBUG org.apache.http.wire - http-outgoing-1 << "  "lastName" : "Rea",[\n]"
10:35:27.307 [Test worker] DEBUG org.apache.http.wire - http-outgoing-1 << "  "contactMobile" : "07971461917"[\n]"
10:35:27.307 [Test worker] DEBUG org.apache.http.wire - http-outgoing-1 << "}, {[\n]"
10:35:27.307 [Test worker] DEBUG org.apache.http.wire - http-outgoing-1 << "  "id" : "57cfbd34a5ce74d19de4fcb6",[\n]"
10:35:27.307 [Test worker] DEBUG org.apache.http.wire - http-outgoing-1 << "  "email" : "n/a",[\n]"
10:35:27.307 [Test worker] DEBUG org.apache.http.wire - http-outgoing-1 << "  "firstName" : "Joyce",[\n]"
10:35:27.307 [Test worker] DEBUG org.apache.http.wire - http-outgoing-1 << "  "lastName" : "Eidiale",[\n]"
10:35:27.307 [Test worker] DEBUG org.apache.http.wire - http-outgoing-1 << "  "contactMobile" : "07570 631902"[\n]"
10:35:27.307 [Test worker] DEBUG org.apache.http.wire - http-outgoing-1 << "}, {[\n]"
10:35:27.307 [Test worker] DEBUG org.apache.http.wire - http-outgoing-1 << "  "id" : "57d1d5a840d83c007ea2d5b7",[\n]"
10:35:27.307 [Test worker] DEBUG org.apache.http.wire - http-outgoing-1 << "  "email" : "tony.davids@ntlworld.com",[\n]"
10:35:27.307 [Test worker] DEBUG org.apache.http.wire - http-outgoing-1 << "  "firstName" : "Tony",[\n]"
10:35:27.307 [Test worker] DEBUG org.apache.http.wire - http-outgoing-1 << "  "lastName" : "Davids",[\n]"
10:35:27.307 [Test worker] DEBUG org.apache.http.wire - http-outgoing-1 << "  "contactMobile" : "07976278203"[\n]"
10:35:27.307 [Test worker] DEBUG org.apache.http.wire - http-outgoing-1 << "}, {[\n]"
10:35:27.307 [Test worker] DEBUG org.apache.http.wire - http-outgoing-1 << "  "id" : "57d1d5a840d83c007ea2d5b8",[\n]"
10:35:27.307 [Test worker] DEBUG org.apache.http.wire - http-outgoing-1 << "  "email" : "tony.davids@ntlworld.com",[\n]"
10:35:27.307 [Test worker] DEBUG org.apache.http.wire - http-outgoing-1 << "  "firstName" : "Tony",[\n]"
10:35:27.307 [Test worker] DEBUG org.apache.http.wire - http-outgoing-1 << "  "lastName" : "Davids",[\n]"
10:35:27.307 [Test worker] DEBUG org.apache.http.wire - http-outgoing-1 << "  "contactMobile" : "07976278203"[\n]"
10:35:27.307 [Test worker] DEBUG org.apache.http.wire - http-outgoing-1 << "}, {[\n]"
10:35:27.307 [Test worker] DEBUG org.apache.http.wire - http-outgoing-1 << "  "id" : "57d54b497a7eb441514b3910",[\n]"
10:35:27.308 [Test worker] DEBUG org.apache.http.wire - http-outgoing-1 << "  "email" : "Clairejmbetts@aol.com",[\n]"
10:35:27.308 [Test worker] DEBUG org.apache.http.wire - http-outgoing-1 << "  "firstName" : "Claire",[\n]"
10:35:27.308 [Test worker] DEBUG org.apache.http.wire - http-outgoing-1 << "  "lastName" : "Betts",[\n]"
10:35:27.308 [Test worker] DEBUG org.apache.http.wire - http-outgoing-1 << "  "contactMobile" : "07999481738"[\n]"
10:35:27.308 [Test worker] DEBUG org.apache.http.wire - http-outgoing-1 << "}, {[\n]"
10:35:27.308 [Test worker] DEBUG org.apache.http.wire - http-outgoing-1 << "  "id" : "57d641887a7eb441514b3911",[\n]"
10:35:27.308 [Test worker] DEBUG org.apache.http.wire - http-outgoing-1 << "  "email" : "elizabethsimpson90@hotmail.com",[\n]"
10:35:27.308 [Test worker] DEBUG org.apache.http.wire - http-outgoing-1 << "  "firstName" : "Liz",[\n]"
10:35:27.308 [Test worker] DEBUG org.apache.http.wire - http-outgoing-1 << "  "lastName" : "Simpson",[\n]"
10:35:27.308 [Test worker] DEBUG org.apache.http.wire - http-outgoing-1 << "  "contactMobile" : "077661 98661"[\n]"
10:35:27.308 [Test worker] DEBUG org.apache.http.wire - http-outgoing-1 << "}, {[\n]"
10:35:27.308 [Test worker] DEBUG org.apache.http.wire - http-outgoing-1 << "  "id" : "57d683457a7eb441514b3912",[\n]"
10:35:27.308 [Test worker] DEBUG org.apache.http.wire - http-outgoing-1 << "  "email" : "JacquelineAKelly@hotmail.com",[\n]"
10:35:27.308 [Test worker] DEBUG org.apache.http.wire - http-outgoing-1 << "  "firstName" : "Jacqueline",[\n]"
10:35:27.308 [Test worker] DEBUG org.apache.http.wire - http-outgoing-1 << "  "lastName" : "Kelly",[\n]"
10:35:27.308 [Test worker] DEBUG org.apache.http.wire - http-outgoing-1 << "  "contactMobile" : "01442 257609"[\n]"
10:35:27.308 [Test worker] DEBUG org.apache.http.wire - http-outgoing-1 << "}, {[\n]"
10:35:27.308 [Test worker] DEBUG org.apache.http.wire - http-outgoing-1 << "  "id" : "57ddaac77a7eb441514b3913",[\n]"
10:35:27.308 [Test worker] DEBUG org.apache.http.wire - http-outgoing-1 << "  "email" : "n/a",[\n]"
10:35:27.308 [Test worker] DEBUG org.apache.http.wire - http-outgoing-1 << "  "firstName" : "Catherine ",[\n]"
10:35:27.308 [Test worker] DEBUG org.apache.http.wire - http-outgoing-1 << "  "lastName" : "Scott",[\n]"
10:35:27.308 [Test worker] DEBUG org.apache.http.wire - http-outgoing-1 << "  "contactMobile" : "0207 589 1377"[\n]"
10:35:27.308 [Test worker] DEBUG org.apache.http.wire - http-outgoing-1 << "}, {[\n]"
10:35:27.308 [Test worker] DEBUG org.apache.http.wire - http-outgoing-1 << "  "id" : "57dede5e7a7eb441514b3914",[\n]"
10:35:27.308 [Test worker] DEBUG org.apache.http.wire - http-outgoing-1 << "  "email" : "only.jay1971@gmail.com",[\n]"
10:35:27.308 [Test worker] DEBUG org.apache.http.wire - http-outgoing-1 << "  "firstName" : "Janis",[\n]"
10:35:27.308 [Test worker] DEBUG org.apache.http.wire - http-outgoing-1 << "  "lastName" : "Dieterhart",[\n]"
10:35:27.308 [Test worker] DEBUG org.apache.http.wire - http-outgoing-1 << "  "contactMobile" : "N/a"[\n]"
10:35:27.308 [Test worker] DEBUG org.apache.http.wire - http-outgoing-1 << "}, {[\n]"
10:35:27.308 [Test worker] DEBUG org.apache.http.wire - http-outgoing-1 << "  "id" : "57dedf1c7a7eb441514b3915",[\n]"
10:35:27.308 [Test worker] DEBUG org.apache.http.wire - http-outgoing-1 << "  "email" : "n/a",[\n]"
10:35:27.308 [Test worker] DEBUG org.apache.http.wire - http-outgoing-1 << "  "firstName" : "Phillipa & Damian ",[\n]"
10:35:27.308 [Test worker] DEBUG org.apache.http.wire - http-outgoing-1 << "  "lastName" : "Keeling ",[\n]"
10:35:27.308 [Test worker] DEBUG org.apache.http.wire - http-outgoing-1 << "  "contactMobile" : "+44 7929 616378"[\n]"
10:35:27.308 [Test worker] DEBUG org.apache.http.wire - http-outgoing-1 << "}, {[\n]"
10:35:27.308 [Test worker] DEBUG org.apache.http.wire - http-outgoing-1 << "  "id" : "57e2aa4f7cc07e53dbda7121",[\n]"
10:35:27.308 [Test worker] DEBUG org.apache.http.wire - http-outgoing-1 << "  "email" : "cathycymru@hotmail.com",[\n]"
10:35:27.308 [Test worker] DEBUG org.apache.http.wire - http-outgoing-1 << "  "firstName" : "Cathy",[\n]"
10:35:27.308 [Test worker] DEBUG org.apache.http.wire - http-outgoing-1 << "  "lastName" : "Davies",[\n]"
10:35:27.308 [Test worker] DEBUG org.apache.http.wire - http-outgoing-1 << "  "contactMobile" : "07975907860"[\n]"
10:35:27.308 [Test worker] DEBUG org.apache.http.wire - http-outgoing-1 << "}, {[\n]"
10:35:27.308 [Test worker] DEBUG org.apache.http.wire - http-outgoing-1 << "  "id" : "57e2ab2c7cc07e53dbda7122",[\n]"
10:35:27.308 [Test worker] DEBUG org.apache.http.wire - http-outgoing-1 << "  "email" : "andreafitzwilliam@hotmail.com",[\n]"
10:35:27.308 [Test worker] DEBUG org.apache.http.wire - http-outgoing-1 << "  "firstName" : "Andrea",[\n]"
10:35:27.308 [Test worker] DEBUG org.apache.http.wire - http-outgoing-1 << "  "lastName" : "Fitzwilliam",[\n]"
10:35:27.308 [Test worker] DEBUG org.apache.http.wire - http-outgoing-1 << "  "contactMobile" : "077"[\n]"
10:35:27.308 [Test worker] DEBUG org.apache.http.wire - http-outgoing-1 << "}, {[\n]"
10:35:27.308 [Test worker] DEBUG org.apache.http.wire - http-outgoing-1 << "  "id" : "57e301007cc07e53dbda7123",[\n]"
10:35:27.308 [Test worker] DEBUG org.apache.http.wire - http-outgoing-1 << "  "email" : "rnmorris55@gmail.com",[\n]"
10:35:27.308 [Test worker] DEBUG org.apache.http.wire - http-outgoing-1 << "  "firstName" : "Nick",[\n]"
10:35:27.308 [Test worker] DEBUG org.apache.http.wire - http-outgoing-1 << "  "lastName" : "Morris",[\n]"
10:35:27.308 [Test worker] DEBUG org.apache.http.wire - http-outgoing-1 << "  "contactMobile" : "07505904987"[\n]"
10:35:27.308 [Test worker] DEBUG org.apache.http.wire - http-outgoing-1 << "}, {[\n]"
10:35:27.308 [Test worker] DEBUG org.apache.http.wire - http-outgoing-1 << "  "id" : "57e3015c7cc07e53dbda7124",[\n]"
10:35:27.308 [Test worker] DEBUG org.apache.http.wire - http-outgoing-1 << "  "email" : "morrisfamily@john-lewis.com",[\n]"
10:35:27.308 [Test worker] DEBUG org.apache.http.wire - http-outgoing-1 << "  "firstName" : "Deirdre",[\n]"
10:35:27.308 [Test worker] DEBUG org.apache.http.wire - http-outgoing-1 << "  "lastName" : "Morris",[\n]"
10:35:27.308 [Test worker] DEBUG org.apache.http.wire - http-outgoing-1 << "  "contactMobile" : "07742016006"[\n]"
10:35:27.308 [Test worker] DEBUG org.apache.http.wire - http-outgoing-1 << "}, {[\n]"
10:35:27.308 [Test worker] DEBUG org.apache.http.wire - http-outgoing-1 << "  "id" : "580394227662aef9ded7cfa2",[\n]"
10:35:27.308 [Test worker] DEBUG org.apache.http.wire - http-outgoing-1 << "  "email" : "marvin.severin@blueyonder.co.uk",[\n]"
10:35:27.308 [Test worker] DEBUG org.apache.http.wire - http-outgoing-1 << "  "firstName" : "Marvin (female)",[\n]"
10:35:27.308 [Test worker] DEBUG org.apache.http.wire - http-outgoing-1 << "  "lastName" : "Severin",[\n]"
10:35:27.308 [Test worker] DEBUG org.apache.http.wire - http-outgoing-1 << "  "contactMobile" : "07766 059 277"[\n]"
10:35:27.308 [Test worker] DEBUG org.apache.http.wire - http-outgoing-1 << "}, {[\n]"
10:35:27.308 [Test worker] DEBUG org.apache.http.wire - http-outgoing-1 << "  "id" : "5805e67c7662aef9ded7cfa3",[\n]"
10:35:27.308 [Test worker] DEBUG org.apache.http.wire - http-outgoing-1 << "  "email" : "john@tangney-tours.com",[\n]"
10:35:27.308 [Test worker] DEBUG org.apache.http.wire - http-outgoing-1 << "  "firstName" : "John",[\n]"
10:35:27.308 [Test worker] DEBUG org.apache.http.wire - http-outgoing-1 << "  "lastName" : "Tangney",[\n]"
10:35:27.308 [Test worker] DEBUG org.apache.http.wire - http-outgoing-1 << "  "contactMobile" : "01732886666"[\n]"
10:35:27.308 [Test worker] DEBUG org.apache.http.wire - http-outgoing-1 << "}, {[\n]"
10:35:27.308 [Test worker] DEBUG org.apache.http.wire - http-outgoing-1 << "  "id" : "5806857d7662aef9ded7cfa4",[\n]"
10:35:27.308 [Test worker] DEBUG org.apache.http.wire - http-outgoing-1 << "  "email" : "patrickneal@hotmail.co.uk",[\n]"
10:35:27.308 [Test worker] DEBUG org.apache.http.wire - http-outgoing-1 << "  "firstName" : "Patrick",[\n]"
10:35:27.308 [Test worker] DEBUG org.apache.http.wire - http-outgoing-1 << "  "lastName" : "Neal",[\n]"
10:35:27.308 [Test worker] DEBUG org.apache.http.wire - http-outgoing-1 << "  "contactMobile" : "07879256276"[\n]"
10:35:27.308 [Test worker] DEBUG org.apache.http.wire - http-outgoing-1 << "}, {[\n]"
10:35:27.308 [Test worker] DEBUG org.apache.http.wire - http-outgoing-1 << "  "id" : "580a04527662aef9ded7cfa5",[\n]"
10:35:27.308 [Test worker] DEBUG org.apache.http.wire - http-outgoing-1 << "  "email" : "catherinetheresescott@gmail.com",[\n]"
10:35:27.308 [Test worker] DEBUG org.apache.http.wire - http-outgoing-1 << "  "firstName" : "Catherine",[\n]"
10:35:27.308 [Test worker] DEBUG org.apache.http.wire - http-outgoing-1 << "  "lastName" : "Scott",[\n]"
10:35:27.308 [Test worker] DEBUG org.apache.http.wire - http-outgoing-1 << "  "contactMobile" : "02075891377"[\n]"
10:35:27.308 [Test worker] DEBUG org.apache.http.wire - http-outgoing-1 << "}, {[\n]"
10:35:27.308 [Test worker] DEBUG org.apache.http.wire - http-outgoing-1 << "  "id" : "581083952730568648afa586",[\n]"
10:35:27.308 [Test worker] DEBUG org.apache.http.wire - http-outgoing-1 << "  "email" : "mconmee@gmail.com",[\n]"
10:35:27.308 [Test worker] DEBUG org.apache.http.wire - http-outgoing-1 << "  "firstName" : "Monica",[\n]"
10:35:27.308 [Test worker] DEBUG org.apache.http.wire - http-outgoing-1 << "  "lastName" : "Conmee",[\n]"
10:35:27.308 [Test worker] DEBUG org.apache.http.wire - http-outgoing-1 << "  "contactMobile" : "07713637953"[\n]"
10:35:27.308 [Test worker] DEBUG org.apache.http.wire - http-outgoing-1 << "}, {[\n]"
10:35:27.308 [Test worker] DEBUG org.apache.http.wire - http-outgoing-1 << "  "id" : "587a9513fbce690014981889",[\n]"
10:35:27.308 [Test worker] DEBUG org.apache.http.wire - http-outgoing-1 << "  "email" : "Rest Test Email",[\n]"
10:35:27.308 [Test worker] DEBUG org.apache.http.wire - http-outgoing-1 << "  "firstName" : "Rest Test Firstname",[\n]"
10:35:27.308 [Test worker] DEBUG org.apache.http.wire - http-outgoing-1 << "  "lastName" : "Rest Test Lastname",[\n]"
10:35:27.308 [Test worker] DEBUG org.apache.http.wire - http-outgoing-1 << "  "contactMobile" : "Rest Test Mobile"[\n]"
10:35:27.308 [Test worker] DEBUG org.apache.http.wire - http-outgoing-1 << "}, {[\n]"
10:35:27.308 [Test worker] DEBUG org.apache.http.wire - http-outgoing-1 << "  "id" : "587a9618fbce69001498188a",[\n]"
10:35:27.308 [Test worker] DEBUG org.apache.http.wire - http-outgoing-1 << "  "email" : "Rest Test Email",[\n]"
10:35:27.308 [Test worker] DEBUG org.apache.http.wire - http-outgoing-1 << "  "firstName" : "Rest Test Firstname",[\n]"
10:35:27.308 [Test worker] DEBUG org.apache.http.wire - http-outgoing-1 << "  "lastName" : "Rest Test Lastname",[\n]"
10:35:27.308 [Test worker] DEBUG org.apache.http.wire - http-outgoing-1 << "  "contactMobile" : "Rest Test Mobile"[\n]"
10:35:27.308 [Test worker] DEBUG org.apache.http.wire - http-outgoing-1 << "}, {[\n]"
10:35:27.308 [Test worker] DEBUG org.apache.http.wire - http-outgoing-1 << "  "id" : "587abfeafbce69001498188b",[\n]"
10:35:27.308 [Test worker] DEBUG org.apache.http.wire - http-outgoing-1 << "  "email" : "Rest Test Email",[\n]"
10:35:27.308 [Test worker] DEBUG org.apache.http.wire - http-outgoing-1 << "  "firstName" : "Rest Test Firstname",[\n]"
10:35:27.308 [Test worker] DEBUG org.apache.http.wire - http-outgoing-1 << "  "lastName" : "Rest Test Lastname",[\n]"
10:35:27.308 [Test worker] DEBUG org.apache.http.wire - http-outgoing-1 << "  "contactMobile" : "Rest Test Mobile"[\n]"
10:35:27.308 [Test worker] DEBUG org.apache.http.wire - http-outgoing-1 << "}, {[\n]"
10:35:27.308 [Test worker] DEBUG org.apache.http.wire - http-outgoing-1 << "  "id" : "5880eb1efbce69001498188c",[\n]"
10:35:27.308 [Test worker] DEBUG org.apache.http.wire - http-outgoing-1 << "  "email" : "Rest Test Email",[\n]"
10:35:27.308 [Test worker] DEBUG org.apache.http.wire - http-outgoing-1 << "  "firstName" : "Rest Test Firstname",[\n]"
10:35:27.308 [Test worker] DEBUG org.apache.http.wire - http-outgoing-1 << "  "lastName" : "Rest Test Lastname",[\n]"
10:35:27.308 [Test worker] DEBUG org.apache.http.wire - http-outgoing-1 << "  "contactMobile" : "Rest Test Mobile"[\n]"
10:35:27.308 [Test worker] DEBUG org.apache.http.wire - http-outgoing-1 << "}, {[\n]"
10:35:27.308 [Test worker] DEBUG org.apache.http.wire - http-outgoing-1 << "  "id" : "588118e29f0ae10014790e3f",[\n]"
10:35:27.308 [Test worker] DEBUG org.apache.http.wire - http-outgoing-1 << "  "email" : "Rest Test Email",[\n]"
10:35:27.308 [Test worker] DEBUG org.apache.http.wire - http-outgoing-1 << "  "firstName" : "Rest Test Firstname",[\n]"
10:35:27.308 [Test worker] DEBUG org.apache.http.wire - http-outgoing-1 << "  "lastName" : "Rest Test Lastname",[\n]"
10:35:27.308 [Test worker] DEBUG org.apache.http.wire - http-outgoing-1 << "  "contactMobile" : "Rest Test Mobile"[\n]"
10:35:27.308 [Test worker] DEBUG org.apache.http.wire - http-outgoing-1 << "}, {[\n]"
10:35:27.308 [Test worker] DEBUG org.apache.http.wire - http-outgoing-1 << "  "id" : "588119449f0ae10014790e40",[\n]"
10:35:27.308 [Test worker] DEBUG org.apache.http.wire - http-outgoing-1 << "  "email" : "Rest Test Email",[\n]"
10:35:27.308 [Test worker] DEBUG org.apache.http.wire - http-outgoing-1 << "  "firstName" : "Rest Test Firstname",[\n]"
10:35:27.308 [Test worker] DEBUG org.apache.http.wire - http-outgoing-1 << "  "lastName" : "Rest Test Lastname",[\n]"
10:35:27.308 [Test worker] DEBUG org.apache.http.wire - http-outgoing-1 << "  "contactMobile" : "Rest Test Mobile"[\n]"
10:35:27.308 [Test worker] DEBUG org.apache.http.wire - http-outgoing-1 << "}, {[\n]"
10:35:27.308 [Test worker] DEBUG org.apache.http.wire - http-outgoing-1 << "  "id" : "588119f29f0ae10014790e41",[\n]"
10:35:27.308 [Test worker] DEBUG org.apache.http.wire - http-outgoing-1 << "  "email" : "Rest Test Email",[\n]"
10:35:27.308 [Test worker] DEBUG org.apache.http.wire - http-outgoing-1 << "  "firstName" : "Rest Test Firstname",[\n]"
10:35:27.308 [Test worker] DEBUG org.apache.http.wire - http-outgoing-1 << "  "lastName" : "Rest Test Lastname",[\n]"
10:35:27.308 [Test worker] DEBUG org.apache.http.wire - http-outgoing-1 << "  "contactMobile" : "Rest Test Mobile"[\n]"
10:35:27.308 [Test worker] DEBUG org.apache.http.wire - http-outgoing-1 << "}, {[\n]"
10:35:27.308 [Test worker] DEBUG org.apache.http.wire - http-outgoing-1 << "  "id" : "5881318a3392b9000d1e28d8",[\n]"
10:35:27.308 [Test worker] DEBUG org.apache.http.wire - http-outgoing-1 << "  "email" : "Rest Test Email",[\n]"
10:35:27.308 [Test worker] DEBUG org.apache.http.wire - http-outgoing-1 << "  "firstName" : "Rest Test Firstname",[\n]"
10:35:27.308 [Test worker] DEBUG org.apache.http.wire - http-outgoing-1 << "  "lastName" : "Rest Test Lastname",[\n]"
10:35:27.308 [Test worker] DEBUG org.apache.http.wire - http-outgoing-1 << "  "contactMobile" : "Rest Test Mobile"[\n]"
10:35:27.308 [Test worker] DEBUG org.apache.http.wire - http-outgoing-1 << "}, {[\n]"
10:35:27.308 [Test worker] DEBUG org.apache.http.wire - http-outgoing-1 << "  "id" : "58825962a518db000e9c76ee",[\n]"
10:35:27.308 [Test worker] DEBUG org.apache.http.wire - http-outgoing-1 << "  "email" : "Rest Test Email",[\n]"
10:35:27.308 [Test worker] DEBUG org.apache.http.wire - http-outgoing-1 << "  "firstName" : "Rest Test Firstname",[\n]"
10:35:27.308 [Test worker] DEBUG org.apache.http.wire - http-outgoing-1 << "  "lastName" : "Rest Test Lastname",[\n]"
10:35:27.308 [Test worker] DEBUG org.apache.http.wire - http-outgoing-1 << "  "contactMobile" : "Rest Test Mobile"[\n]"
10:35:27.308 [Test worker] DEBUG org.apache.http.wire - http-outgoing-1 << "}, {[\n]"
10:35:27.308 [Test worker] DEBUG org.apache.http.wire - http-outgoing-1 << "  "id" : "5882598aa518db000e9c76ef",[\n]"
10:35:27.308 [Test worker] DEBUG org.apache.http.wire - http-outgoing-1 << "  "email" : "Rest Test Email",[\n]"
10:35:27.308 [Test worker] DEBUG org.apache.http.wire - http-outgoing-1 << "  "firstName" : "Rest Test Firstname",[\n]"
10:35:27.308 [Test worker] DEBUG org.apache.http.wire - http-outgoing-1 << "  "lastName" : "Rest Test Lastname",[\n]"
10:35:27.308 [Test worker] DEBUG org.apache.http.wire - http-outgoing-1 << "  "contactMobile" : "Rest Test Mobile"[\n]"
10:35:27.308 [Test worker] DEBUG org.apache.http.wire - http-outgoing-1 << "}, {[\n]"
10:35:27.308 [Test worker] DEBUG org.apache.http.wire - http-outgoing-1 << "  "id" : "58825a6b651bcc000e233fc6",[\n]"
10:35:27.308 [Test worker] DEBUG org.apache.http.wire - http-outgoing-1 << "  "email" : "Rest Test Email",[\n]"
10:35:27.308 [Test worker] DEBUG org.apache.http.wire - http-outgoing-1 << "  "firstName" : "Rest Test Firstname",[\n]"
10:35:27.308 [Test worker] DEBUG org.apache.http.wire - http-outgoing-1 << "  "lastName" : "Rest Test Lastname",[\n]"
10:35:27.308 [Test worker] DEBUG org.apache.http.wire - http-outgoing-1 << "  "contactMobile" : "Rest Test Mobile"[\n]"
10:35:27.308 [Test worker] DEBUG org.apache.http.wire - http-outgoing-1 << "}, {[\n]"
10:35:27.308 [Test worker] DEBUG org.apache.http.wire - http-outgoing-1 << "  "id" : "58825a86651bcc000e233fc7",[\n]"
10:35:27.308 [Test worker] DEBUG org.apache.http.wire - http-outgoing-1 << "  "email" : "Rest Test Email",[\n]"
10:35:27.308 [Test worker] DEBUG org.apache.http.wire - http-outgoing-1 << "  "firstName" : "Rest Test Firstname",[\n]"
10:35:27.308 [Test worker] DEBUG org.apache.http.wire - http-outgoing-1 << "  "lastName" : "Rest Test Lastname",[\n]"
10:35:27.308 [Test worker] DEBUG org.apache.http.wire - http-outgoing-1 << "  "contactMobile" : "Rest Test Mobile"[\n]"
10:35:27.308 [Test worker] DEBUG org.apache.http.wire - http-outgoing-1 << "}, {[\n]"
10:35:27.308 [Test worker] DEBUG org.apache.http.wire - http-outgoing-1 << "  "id" : "58825bfc651bcc000e233fc8",[\n]"
10:35:27.308 [Test worker] DEBUG org.apache.http.wire - http-outgoing-1 << "  "email" : "Rest Test Email",[\n]"
10:35:27.308 [Test worker] DEBUG org.apache.http.wire - http-outgoing-1 << "  "firstName" : "Rest Test Firstname",[\n]"
10:35:27.308 [Test worker] DEBUG org.apache.http.wire - http-outgoing-1 << "  "lastName" : "Rest Test Lastname",[\n]"
10:35:27.308 [Test worker] DEBUG org.apache.http.wire - http-outgoing-1 << "  "contactMobile" : "Rest Test Mobile"[\n]"
10:35:27.308 [Test worker] DEBUG org.apache.http.wire - http-outgoing-1 << "}, {[\n]"
10:35:27.308 [Test worker] DEBUG org.apache.http.wire - http-outgoing-1 << "  "id" : "58826067651bcc000e233fc9",[\n]"
10:35:27.308 [Test worker] DEBUG org.apache.http.wire - http-outgoing-1 << "  "email" : "Rest Test Email",[\n]"
10:35:27.308 [Test worker] DEBUG org.apache.http.wire - http-outgoing-1 << "  "firstName" : "Rest Test Firstname",[\n]"
10:35:27.308 [Test worker] DEBUG org.apache.http.wire - http-outgoing-1 << "  "lastName" : "Rest Test Lastname",[\n]"
10:35:27.308 [Test worker] DEBUG org.apache.http.wire - http-outgoing-1 << "  "contactMobile" : "Rest Test Mobile"[\n]"
10:35:27.308 [Test worker] DEBUG org.apache.http.wire - http-outgoing-1 << "}, {[\n]"
10:35:27.308 [Test worker] DEBUG org.apache.http.wire - http-outgoing-1 << "  "id" : "588275cc651bcc000e233fca",[\n]"
10:35:27.308 [Test worker] DEBUG org.apache.http.wire - http-outgoing-1 << "  "email" : "Rest Test Email",[\n]"
10:35:27.308 [Test worker] DEBUG org.apache.http.wire - http-outgoing-1 << "  "firstName" : "Rest Test Firstname",[\n]"
10:35:27.308 [Test worker] DEBUG org.apache.http.wire - http-outgoing-1 << "  "lastName" : "Rest Test Lastname",[\n]"
10:35:27.308 [Test worker] DEBUG org.apache.http.wire - http-outgoing-1 << "  "contactMobile" : "Rest Test Mobile"[\n]"
10:35:27.308 [Test worker] DEBUG org.apache.http.wire - http-outgoing-1 << "}, {[\n]"
10:35:27.308 [Test worker] DEBUG org.apache.http.wire - http-outgoing-1 << "  "id" : "58827720651bcc000e233fcb",[\n]"
10:35:27.308 [Test worker] DEBUG org.apache.http.wire - http-outgoing-1 << "  "email" : "Rest Test Email",[\n]"
10:35:27.308 [Test worker] DEBUG org.apache.http.wire - http-outgoing-1 << "  "firstName" : "Rest Test Firstname",[\n]"
10:35:27.308 [Test worker] DEBUG org.apache.http.wire - http-outgoing-1 << "  "lastName" : "Rest Test Lastname",[\n]"
10:35:27.308 [Test worker] DEBUG org.apache.http.wire - http-outgoing-1 << "  "contactMobile" : "Rest Test Mobile"[\n]"
10:35:27.308 [Test worker] DEBUG org.apache.http.wire - http-outgoing-1 << "}, {[\n]"
10:35:27.308 [Test worker] DEBUG org.apache.http.wire - http-outgoing-1 << "  "id" : "58832bf0651bcc000e233fcc",[\n]"
10:35:27.308 [Test worker] DEBUG org.apache.http.wire - http-outgoing-1 << "  "email" : "Rest Test Email",[\n]"
10:35:27.308 [Test worker] DEBUG org.apache.http.wire - http-outgoing-1 << "  "firstName" : "Rest Test Firstname",[\n]"
10:35:27.308 [Test worker] DEBUG org.apache.http.wire - http-outgoing-1 << "  "lastName" : "Rest Test Lastname",[\n]"
10:35:27.308 [Test worker] DEBUG org.apache.http.wire - http-outgoing-1 << "  "contactMobile" : "Rest Test Mobile"[\n]"
10:35:27.308 [Test worker] DEBUG org.apache.http.wire - http-outgoing-1 << "}, {[\n]"
10:35:27.308 [Test worker] DEBUG org.apache.http.wire - http-outgoing-1 << "  "id" : "5883396e651bcc000e233fcd",[\n]"
10:35:27.308 [Test worker] DEBUG org.apache.http.wire - http-outgoing-1 << "  "email" : "Rest Test Email",[\n]"
10:35:27.308 [Test worker] DEBUG org.apache.http.wire - http-outgoing-1 << "  "firstName" : "Rest Test Firstname",[\n]"
10:35:27.309 [Test worker] DEBUG org.apache.http.wire - http-outgoing-1 << "  "lastName" : "Rest Test Lastname",[\n]"
10:35:27.309 [Test worker] DEBUG org.apache.http.wire - http-outgoing-1 << "  "contactMobile" : "Rest Test Mobile"[\n]"
10:35:27.309 [Test worker] DEBUG org.apache.http.wire - http-outgoing-1 << "} ]"
10:35:27.310 [Test worker] DEBUG org.apache.http.wire - http-outgoing-1 << "[\r][\n]"
10:35:27.310 [Test worker] DEBUG org.apache.http.wire - http-outgoing-1 << "0[\r][\n]"
10:35:27.310 [Test worker] DEBUG org.apache.http.wire - http-outgoing-1 << "[\r][\n]"
10:35:27.310 [Test worker] DEBUG org.apache.http.impl.conn.PoolingHttpClientConnectionManager - Connection [id: 1][route: {}->http://yapreunion30.cfapps.io:80] can be kept alive indefinitely
10:35:27.310 [Test worker] DEBUG org.apache.http.impl.conn.PoolingHttpClientConnectionManager - Connection released: [id: 1][route: {}->http://yapreunion30.cfapps.io:80][total kept alive: 1; route allocated: 1 of 5; total allocated: 1 of 10]
10:35:27.310 [Test worker] DEBUG org.springframework.test.context.cache.DefaultCacheAwareContextLoaderDelegate - Retrieved ApplicationContext from cache with key [[MergedContextConfiguration@3536da0c testClass = RestTest, locations = '{}', classes = '{class org.frank.bogle.config.RestConfig}', contextInitializerClasses = '[]', activeProfiles = '{}', propertySourceLocations = '{}', propertySourceProperties = '{}', contextCustomizers = set[org.springframework.boot.test.context.filter.ExcludeFilterContextCustomizer@69df7d87, org.springframework.boot.test.mock.mockito.MockitoContextCustomizer@0, org.springframework.boot.test.autoconfigure.properties.PropertyMappingContextCustomizer@0, org.springframework.boot.test.autoconfigure.web.servlet.WebDriverContextCustomizerFactory$Customizer@722166e6], contextLoader = 'org.springframework.test.context.support.DelegatingSmartContextLoader', parent = [null]]]
10:35:27.310 [Test worker] DEBUG org.springframework.test.context.cache - Spring test ApplicationContext cache statistics: [DefaultContextCache@34c4e7c4 size = 2, maxSize = 32, parentContextCount = 0, hitCount = 16, missCount = 2]
10:35:27.311 [Test worker] DEBUG org.springframework.beans.factory.support.DefaultListableBeanFactory - Returning cached instance of singleton bean 'org.springframework.context.annotation.internalConfigurationAnnotationProcessor'
10:35:27.311 [Test worker] DEBUG org.springframework.beans.factory.support.DefaultListableBeanFactory - Returning cached instance of singleton bean 'org.springframework.context.annotation.internalAutowiredAnnotationProcessor'
10:35:27.311 [Test worker] DEBUG org.springframework.beans.factory.support.DefaultListableBeanFactory - Returning cached instance of singleton bean 'org.springframework.context.annotation.internalRequiredAnnotationProcessor'
10:35:27.311 [Test worker] DEBUG org.springframework.beans.factory.support.DefaultListableBeanFactory - Returning cached instance of singleton bean 'org.springframework.context.annotation.internalCommonAnnotationProcessor'
10:35:27.311 [Test worker] DEBUG org.springframework.beans.factory.support.DefaultListableBeanFactory - Returning cached instance of singleton bean 'org.springframework.context.annotation.internalPersistenceAnnotationProcessor'
10:35:27.311 [Test worker] DEBUG org.springframework.beans.factory.support.DefaultListableBeanFactory - Returning cached instance of singleton bean 'org.springframework.context.event.internalEventListenerProcessor'
10:35:27.311 [Test worker] DEBUG org.springframework.beans.factory.support.DefaultListableBeanFactory - Returning cached instance of singleton bean 'org.springframework.context.event.internalEventListenerFactory'
10:35:27.311 [Test worker] DEBUG org.springframework.beans.factory.support.DefaultListableBeanFactory - Returning cached instance of singleton bean 'restConfig'
10:35:27.311 [Test worker] DEBUG org.springframework.beans.factory.support.DefaultListableBeanFactory - Returning cached instance of singleton bean 'org.springframework.boot.test.mock.mockito.MockitoPostProcessor$SpyPostProcessor'
10:35:27.311 [Test worker] DEBUG org.springframework.beans.factory.support.DefaultListableBeanFactory - Returning cached instance of singleton bean 'org.springframework.boot.test.mock.mockito.MockitoPostProcessor'
10:35:27.311 [Test worker] DEBUG org.springframework.beans.factory.support.DefaultListableBeanFactory - Returning cached instance of singleton bean 'org.springframework.context.annotation.ConfigurationClassPostProcessor.importAwareProcessor'
10:35:27.311 [Test worker] DEBUG org.springframework.beans.factory.support.DefaultListableBeanFactory - Returning cached instance of singleton bean 'org.springframework.context.annotation.ConfigurationClassPostProcessor.enhancedConfigurationProcessor'
10:35:27.311 [Test worker] DEBUG org.springframework.beans.factory.support.DefaultListableBeanFactory - Returning cached instance of singleton bean 'builder'
10:35:27.311 [Test worker] DEBUG org.springframework.beans.factory.support.DefaultListableBeanFactory - Returning cached instance of singleton bean 'restTemplate'
10:35:27.311 [Test worker] DEBUG org.springframework.beans.factory.support.DefaultListableBeanFactory - Returning cached instance of singleton bean 'org.springframework.boot.test.mock.mockito.MockitoBeans'
10:35:27.311 [Test worker] DEBUG org.springframework.test.context.cache.DefaultCacheAwareContextLoaderDelegate - Retrieved ApplicationContext from cache with key [[MergedContextConfiguration@3536da0c testClass = RestTest, locations = '{}', classes = '{class org.frank.bogle.config.RestConfig}', contextInitializerClasses = '[]', activeProfiles = '{}', propertySourceLocations = '{}', propertySourceProperties = '{}', contextCustomizers = set[org.springframework.boot.test.context.filter.ExcludeFilterContextCustomizer@69df7d87, org.springframework.boot.test.mock.mockito.MockitoContextCustomizer@0, org.springframework.boot.test.autoconfigure.properties.PropertyMappingContextCustomizer@0, org.springframework.boot.test.autoconfigure.web.servlet.WebDriverContextCustomizerFactory$Customizer@722166e6], contextLoader = 'org.springframework.test.context.support.DelegatingSmartContextLoader', parent = [null]]]
10:35:27.311 [Test worker] DEBUG org.springframework.test.context.cache - Spring test ApplicationContext cache statistics: [DefaultContextCache@34c4e7c4 size = 2, maxSize = 32, parentContextCount = 0, hitCount = 17, missCount = 2]
10:35:27.311 [Test worker] DEBUG org.springframework.test.context.cache.DefaultCacheAwareContextLoaderDelegate - Retrieved ApplicationContext from cache with key [[MergedContextConfiguration@3536da0c testClass = RestTest, locations = '{}', classes = '{class org.frank.bogle.config.RestConfig}', contextInitializerClasses = '[]', activeProfiles = '{}', propertySourceLocations = '{}', propertySourceProperties = '{}', contextCustomizers = set[org.springframework.boot.test.context.filter.ExcludeFilterContextCustomizer@69df7d87, org.springframework.boot.test.mock.mockito.MockitoContextCustomizer@0, org.springframework.boot.test.autoconfigure.properties.PropertyMappingContextCustomizer@0, org.springframework.boot.test.autoconfigure.web.servlet.WebDriverContextCustomizerFactory$Customizer@722166e6], contextLoader = 'org.springframework.test.context.support.DelegatingSmartContextLoader', parent = [null]]]
10:35:27.311 [Test worker] DEBUG org.springframework.test.context.cache - Spring test ApplicationContext cache statistics: [DefaultContextCache@34c4e7c4 size = 2, maxSize = 32, parentContextCount = 0, hitCount = 18, missCount = 2]
10:35:27.312 [Test worker] DEBUG org.springframework.test.context.support.AbstractDirtiesContextTestExecutionListener - After test method: context [DefaultTestContext@2962d191 testClass = RestTest, testInstance = test.frank.bogle.restapi.RestTest@9182907, testMethod = testMultipleStatusCode@RestTest, testException = [null], mergedContextConfiguration = [MergedContextConfiguration@3536da0c testClass = RestTest, locations = '{}', classes = '{class org.frank.bogle.config.RestConfig}', contextInitializerClasses = '[]', activeProfiles = '{}', propertySourceLocations = '{}', propertySourceProperties = '{}', contextCustomizers = set[org.springframework.boot.test.context.filter.ExcludeFilterContextCustomizer@69df7d87, org.springframework.boot.test.mock.mockito.MockitoContextCustomizer@0, org.springframework.boot.test.autoconfigure.properties.PropertyMappingContextCustomizer@0, org.springframework.boot.test.autoconfigure.web.servlet.WebDriverContextCustomizerFactory$Customizer@722166e6], contextLoader = 'org.springframework.test.context.support.DelegatingSmartContextLoader', parent = [null]]], class annotated with @DirtiesContext [false] with mode [null], method annotated with @DirtiesContext [false] with mode [null].
10:35:27.312 [Test worker] DEBUG org.springframework.test.annotation.ProfileValueUtils - Retrieved @ProfileValueSourceConfiguration [null] for test class [test.frank.bogle.restapi.RestTest]
10:35:27.312 [Test worker] DEBUG org.springframework.test.annotation.ProfileValueUtils - Retrieved ProfileValueSource type [class org.springframework.test.annotation.SystemProfileValueSource] for class [test.frank.bogle.restapi.RestTest]
10:35:27.312 [Test worker] DEBUG org.springframework.test.context.support.DependencyInjectionTestExecutionListener - Performing dependency injection for test context [[DefaultTestContext@2962d191 testClass = RestTest, testInstance = test.frank.bogle.restapi.RestTest@12fccc6c, testMethod = [null], testException = [null], mergedContextConfiguration = [MergedContextConfiguration@3536da0c testClass = RestTest, locations = '{}', classes = '{class org.frank.bogle.config.RestConfig}', contextInitializerClasses = '[]', activeProfiles = '{}', propertySourceLocations = '{}', propertySourceProperties = '{}', contextCustomizers = set[org.springframework.boot.test.context.filter.ExcludeFilterContextCustomizer@69df7d87, org.springframework.boot.test.mock.mockito.MockitoContextCustomizer@0, org.springframework.boot.test.autoconfigure.properties.PropertyMappingContextCustomizer@0, org.springframework.boot.test.autoconfigure.web.servlet.WebDriverContextCustomizerFactory$Customizer@722166e6], contextLoader = 'org.springframework.test.context.support.DelegatingSmartContextLoader', parent = [null]]]].
10:35:27.312 [Test worker] DEBUG org.springframework.test.context.cache.DefaultCacheAwareContextLoaderDelegate - Retrieved ApplicationContext from cache with key [[MergedContextConfiguration@3536da0c testClass = RestTest, locations = '{}', classes = '{class org.frank.bogle.config.RestConfig}', contextInitializerClasses = '[]', activeProfiles = '{}', propertySourceLocations = '{}', propertySourceProperties = '{}', contextCustomizers = set[org.springframework.boot.test.context.filter.ExcludeFilterContextCustomizer@69df7d87, org.springframework.boot.test.mock.mockito.MockitoContextCustomizer@0, org.springframework.boot.test.autoconfigure.properties.PropertyMappingContextCustomizer@0, org.springframework.boot.test.autoconfigure.web.servlet.WebDriverContextCustomizerFactory$Customizer@722166e6], contextLoader = 'org.springframework.test.context.support.DelegatingSmartContextLoader', parent = [null]]]
10:35:27.312 [Test worker] DEBUG org.springframework.test.context.cache - Spring test ApplicationContext cache statistics: [DefaultContextCache@34c4e7c4 size = 2, maxSize = 32, parentContextCount = 0, hitCount = 19, missCount = 2]
10:35:27.312 [Test worker] DEBUG org.springframework.beans.factory.annotation.InjectionMetadata - Processing injected element of bean 'test.frank.bogle.restapi.RestTest': AutowiredFieldElement for private org.springframework.web.client.RestTemplate test.frank.bogle.restapi.RestTest.restTemplate
10:35:27.312 [Test worker] DEBUG org.springframework.beans.factory.support.DefaultListableBeanFactory - Returning cached instance of singleton bean 'restTemplate'
10:35:27.312 [Test worker] DEBUG org.springframework.test.context.support.AbstractDirtiesContextTestExecutionListener - Before test method: context [DefaultTestContext@2962d191 testClass = RestTest, testInstance = test.frank.bogle.restapi.RestTest@12fccc6c, testMethod = testMultipleGetPersons@RestTest, testException = [null], mergedContextConfiguration = [MergedContextConfiguration@3536da0c testClass = RestTest, locations = '{}', classes = '{class org.frank.bogle.config.RestConfig}', contextInitializerClasses = '[]', activeProfiles = '{}', propertySourceLocations = '{}', propertySourceProperties = '{}', contextCustomizers = set[org.springframework.boot.test.context.filter.ExcludeFilterContextCustomizer@69df7d87, org.springframework.boot.test.mock.mockito.MockitoContextCustomizer@0, org.springframework.boot.test.autoconfigure.properties.PropertyMappingContextCustomizer@0, org.springframework.boot.test.autoconfigure.web.servlet.WebDriverContextCustomizerFactory$Customizer@722166e6], contextLoader = 'org.springframework.test.context.support.DelegatingSmartContextLoader', parent = [null]]], class annotated with @DirtiesContext [false] with mode [null], method annotated with @DirtiesContext [false] with mode [null].
10:35:27.313 [Test worker] DEBUG org.springframework.test.context.cache.DefaultCacheAwareContextLoaderDelegate - Retrieved ApplicationContext from cache with key [[MergedContextConfiguration@3536da0c testClass = RestTest, locations = '{}', classes = '{class org.frank.bogle.config.RestConfig}', contextInitializerClasses = '[]', activeProfiles = '{}', propertySourceLocations = '{}', propertySourceProperties = '{}', contextCustomizers = set[org.springframework.boot.test.context.filter.ExcludeFilterContextCustomizer@69df7d87, org.springframework.boot.test.mock.mockito.MockitoContextCustomizer@0, org.springframework.boot.test.autoconfigure.properties.PropertyMappingContextCustomizer@0, org.springframework.boot.test.autoconfigure.web.servlet.WebDriverContextCustomizerFactory$Customizer@722166e6], contextLoader = 'org.springframework.test.context.support.DelegatingSmartContextLoader', parent = [null]]]
10:35:27.313 [Test worker] DEBUG org.springframework.test.context.cache - Spring test ApplicationContext cache statistics: [DefaultContextCache@34c4e7c4 size = 2, maxSize = 32, parentContextCount = 0, hitCount = 20, missCount = 2]
10:35:27.313 [Test worker] DEBUG org.springframework.beans.factory.support.DefaultListableBeanFactory - Returning cached instance of singleton bean 'org.springframework.context.annotation.internalConfigurationAnnotationProcessor'
10:35:27.313 [Test worker] DEBUG org.springframework.beans.factory.support.DefaultListableBeanFactory - Returning cached instance of singleton bean 'org.springframework.context.annotation.internalAutowiredAnnotationProcessor'
10:35:27.313 [Test worker] DEBUG org.springframework.beans.factory.support.DefaultListableBeanFactory - Returning cached instance of singleton bean 'org.springframework.context.annotation.internalRequiredAnnotationProcessor'
10:35:27.313 [Test worker] DEBUG org.springframework.beans.factory.support.DefaultListableBeanFactory - Returning cached instance of singleton bean 'org.springframework.context.annotation.internalCommonAnnotationProcessor'
10:35:27.313 [Test worker] DEBUG org.springframework.beans.factory.support.DefaultListableBeanFactory - Returning cached instance of singleton bean 'org.springframework.context.annotation.internalPersistenceAnnotationProcessor'
10:35:27.313 [Test worker] DEBUG org.springframework.beans.factory.support.DefaultListableBeanFactory - Returning cached instance of singleton bean 'org.springframework.context.event.internalEventListenerProcessor'
10:35:27.313 [Test worker] DEBUG org.springframework.beans.factory.support.DefaultListableBeanFactory - Returning cached instance of singleton bean 'org.springframework.context.event.internalEventListenerFactory'
10:35:27.313 [Test worker] DEBUG org.springframework.beans.factory.support.DefaultListableBeanFactory - Returning cached instance of singleton bean 'restConfig'
10:35:27.313 [Test worker] DEBUG org.springframework.beans.factory.support.DefaultListableBeanFactory - Returning cached instance of singleton bean 'org.springframework.boot.test.mock.mockito.MockitoPostProcessor$SpyPostProcessor'
10:35:27.313 [Test worker] DEBUG org.springframework.beans.factory.support.DefaultListableBeanFactory - Returning cached instance of singleton bean 'org.springframework.boot.test.mock.mockito.MockitoPostProcessor'
10:35:27.313 [Test worker] DEBUG org.springframework.beans.factory.support.DefaultListableBeanFactory - Returning cached instance of singleton bean 'org.springframework.context.annotation.ConfigurationClassPostProcessor.importAwareProcessor'
10:35:27.313 [Test worker] DEBUG org.springframework.beans.factory.support.DefaultListableBeanFactory - Returning cached instance of singleton bean 'org.springframework.context.annotation.ConfigurationClassPostProcessor.enhancedConfigurationProcessor'
10:35:27.313 [Test worker] DEBUG org.springframework.beans.factory.support.DefaultListableBeanFactory - Returning cached instance of singleton bean 'builder'
10:35:27.313 [Test worker] DEBUG org.springframework.beans.factory.support.DefaultListableBeanFactory - Returning cached instance of singleton bean 'restTemplate'
10:35:27.313 [Test worker] DEBUG org.springframework.beans.factory.support.DefaultListableBeanFactory - Returning cached instance of singleton bean 'org.springframework.boot.test.mock.mockito.MockitoBeans'
10:35:27.313 [Test worker] DEBUG org.springframework.web.client.RestTemplate - Created GET request for "http://yapreunion30.cfapps.io/getrestpersons"
10:35:27.313 [Test worker] DEBUG org.springframework.web.client.RestTemplate - Setting request Accept header to [application/json, application/*+json]
10:35:27.313 [Test worker] DEBUG org.apache.http.client.protocol.RequestAddCookies - CookieSpec selected: default
10:35:27.313 [Test worker] DEBUG org.apache.http.client.protocol.RequestAuthCache - Auth cache not set in the context
10:35:27.313 [Test worker] DEBUG org.apache.http.impl.conn.PoolingHttpClientConnectionManager - Connection request: [route: {}->http://yapreunion30.cfapps.io:80][total kept alive: 1; route allocated: 1 of 5; total allocated: 1 of 10]
10:35:27.313 [Test worker] DEBUG org.apache.http.impl.conn.PoolingHttpClientConnectionManager - Connection leased: [id: 1][route: {}->http://yapreunion30.cfapps.io:80][total kept alive: 0; route allocated: 1 of 5; total allocated: 1 of 10]
10:35:27.313 [Test worker] DEBUG org.apache.http.impl.execchain.MainClientExec - Executing request GET /getrestpersons HTTP/1.1
10:35:27.313 [Test worker] DEBUG org.apache.http.impl.execchain.MainClientExec - Target auth state: UNCHALLENGED
10:35:27.313 [Test worker] DEBUG org.apache.http.impl.execchain.MainClientExec - Proxy auth state: UNCHALLENGED
10:35:27.313 [Test worker] DEBUG org.apache.http.headers - http-outgoing-1 >> GET /getrestpersons HTTP/1.1
10:35:27.313 [Test worker] DEBUG org.apache.http.headers - http-outgoing-1 >> Accept: application/json, application/*+json
10:35:27.313 [Test worker] DEBUG org.apache.http.headers - http-outgoing-1 >> Host: yapreunion30.cfapps.io
10:35:27.313 [Test worker] DEBUG org.apache.http.headers - http-outgoing-1 >> Connection: Keep-Alive
10:35:27.313 [Test worker] DEBUG org.apache.http.headers - http-outgoing-1 >> User-Agent: Apache-HttpClient/4.5.2 (Java/1.8.0_101)
10:35:27.314 [Test worker] DEBUG org.apache.http.headers - http-outgoing-1 >> Accept-Encoding: gzip,deflate
10:35:27.314 [Test worker] DEBUG org.apache.http.wire - http-outgoing-1 >> "GET /getrestpersons HTTP/1.1[\r][\n]"
10:35:27.314 [Test worker] DEBUG org.apache.http.wire - http-outgoing-1 >> "Accept: application/json, application/*+json[\r][\n]"
10:35:27.314 [Test worker] DEBUG org.apache.http.wire - http-outgoing-1 >> "Host: yapreunion30.cfapps.io[\r][\n]"
10:35:27.314 [Test worker] DEBUG org.apache.http.wire - http-outgoing-1 >> "Connection: Keep-Alive[\r][\n]"
10:35:27.314 [Test worker] DEBUG org.apache.http.wire - http-outgoing-1 >> "User-Agent: Apache-HttpClient/4.5.2 (Java/1.8.0_101)[\r][\n]"
10:35:27.314 [Test worker] DEBUG org.apache.http.wire - http-outgoing-1 >> "Accept-Encoding: gzip,deflate[\r][\n]"
10:35:27.314 [Test worker] DEBUG org.apache.http.wire - http-outgoing-1 >> "[\r][\n]"
10:35:27.428 [Test worker] DEBUG org.apache.http.wire - http-outgoing-1 << "HTTP/1.1 302 Found[\r][\n]"
10:35:27.428 [Test worker] DEBUG org.apache.http.wire - http-outgoing-1 << "Cache-Control: no-cache, no-store, max-age=0, must-revalidate[\r][\n]"
10:35:27.428 [Test worker] DEBUG org.apache.http.wire - http-outgoing-1 << "Content-Type: application/json;charset=UTF-8[\r][\n]"
10:35:27.428 [Test worker] DEBUG org.apache.http.wire - http-outgoing-1 << "Date: Sat, 21 Jan 2017 10:35:26 GMT[\r][\n]"
10:35:27.428 [Test worker] DEBUG org.apache.http.wire - http-outgoing-1 << "Expires: 0[\r][\n]"
10:35:27.428 [Test worker] DEBUG org.apache.http.wire - http-outgoing-1 << "Pragma: no-cache[\r][\n]"
10:35:27.428 [Test worker] DEBUG org.apache.http.wire - http-outgoing-1 << "X-Application-Context: yapreunion30:cloud:0[\r][\n]"
10:35:27.428 [Test worker] DEBUG org.apache.http.wire - http-outgoing-1 << "X-Content-Type-Options: nosniff[\r][\n]"
10:35:27.428 [Test worker] DEBUG org.apache.http.wire - http-outgoing-1 << "X-Frame-Options: DENY[\r][\n]"
10:35:27.428 [Test worker] DEBUG org.apache.http.wire - http-outgoing-1 << "X-Vcap-Request-Id: b8f7dce4-3eb7-4fd7-5eef-6fa902060c02[\r][\n]"
10:35:27.428 [Test worker] DEBUG org.apache.http.wire - http-outgoing-1 << "X-Xss-Protection: 1; mode=block[\r][\n]"
10:35:27.428 [Test worker] DEBUG org.apache.http.wire - http-outgoing-1 << "transfer-encoding: chunked[\r][\n]"
10:35:27.428 [Test worker] DEBUG org.apache.http.wire - http-outgoing-1 << "Connection: keep-alive[\r][\n]"
10:35:27.428 [Test worker] DEBUG org.apache.http.wire - http-outgoing-1 << "[\r][\n]"
10:35:27.428 [Test worker] DEBUG org.apache.http.wire - http-outgoing-1 << "2332[\r][\n]"
10:35:27.428 [Test worker] DEBUG org.apache.http.wire - http-outgoing-1 << "[ {[\n]"
10:35:27.428 [Test worker] DEBUG org.apache.http.wire - http-outgoing-1 << "  "id" : "578ff89291963c22d26659df",[\n]"
10:35:27.428 [Test worker] DEBUG org.apache.http.wire - http-outgoing-1 << "  "email" : "fcbogle@gmail.com",[\n]"
10:35:27.428 [Test worker] DEBUG org.apache.http.wire - http-outgoing-1 << "  "firstName" : "Frank",[\n]"
10:35:27.428 [Test worker] DEBUG org.apache.http.wire - http-outgoing-1 << "  "lastName" : "Bogle",[\n]"
10:35:27.428 [Test worker] DEBUG org.apache.http.wire - http-outgoing-1 << "  "contactMobile" : "07714711103"[\n]"
10:35:27.428 [Test worker] DEBUG org.apache.http.wire - http-outgoing-1 << "}, {[\n]"
10:35:27.428 [Test worker] DEBUG org.apache.http.wire - http-outgoing-1 << "  "id" : "5790af7791963c22d26659e0",[\n]"
10:35:27.428 [Test worker] DEBUG org.apache.http.wire - http-outgoing-1 << "  "email" : "vladimirfelzmann@rcdow.org.uk",[\n]"
10:35:27.428 [Test worker] DEBUG org.apache.http.wire - http-outgoing-1 << "  "firstName" : "vladimir",[\n]"
10:35:27.428 [Test worker] DEBUG org.apache.http.wire - http-outgoing-1 << "  "lastName" : "felzmann",[\n]"
10:35:27.428 [Test worker] DEBUG org.apache.http.wire - http-outgoing-1 << "  "contactMobile" : "020 8981 9697"[\n]"
10:35:27.428 [Test worker] DEBUG org.apache.http.wire - http-outgoing-1 << "}, {[\n]"
10:35:27.428 [Test worker] DEBUG org.apache.http.wire - http-outgoing-1 << "  "id" : "57910afe91963c22d26659e1",[\n]"
10:35:27.428 [Test worker] DEBUG org.apache.http.wire - http-outgoing-1 << "  "email" : "fionamab@tiscali.co.uk",[\n]"
10:35:27.428 [Test worker] DEBUG org.apache.http.wire - http-outgoing-1 << "  "firstName" : "Fiona",[\n]"
10:35:27.428 [Test worker] DEBUG org.apache.http.wire - http-outgoing-1 << "  "lastName" : "Bogle",[\n]"
10:35:27.428 [Test worker] DEBUG org.apache.http.wire - http-outgoing-1 << "  "contactMobile" : "07881902489"[\n]"
10:35:27.428 [Test worker] DEBUG org.apache.http.wire - http-outgoing-1 << "}, {[\n]"
10:35:27.428 [Test worker] DEBUG org.apache.http.wire - http-outgoing-1 << "  "id" : "5798a064bb0646b2049112fe",[\n]"
10:35:27.428 [Test worker] DEBUG org.apache.http.wire - http-outgoing-1 << "  "email" : "jmcmahon059@aol.com",[\n]"
10:35:27.428 [Test worker] DEBUG org.apache.http.wire - http-outgoing-1 << "  "firstName" : "Julie",[\n]"
10:35:27.428 [Test worker] DEBUG org.apache.http.wire - http-outgoing-1 << "  "lastName" : "McMahon",[\n]"
10:35:27.428 [Test worker] DEBUG org.apache.http.wire - http-outgoing-1 << "  "contactMobile" : "2077989381"[\n]"
10:35:27.428 [Test worker] DEBUG org.apache.http.wire - http-outgoing-1 << "}, {[\n]"
10:35:27.428 [Test worker] DEBUG org.apache.http.wire - http-outgoing-1 << "  "id" : "57992f483b7a1f0f276f6da3",[\n]"
10:35:27.428 [Test worker] DEBUG org.apache.http.wire - http-outgoing-1 << "  "email" : "moloneyanne@hotmail.com",[\n]"
10:35:27.428 [Test worker] DEBUG org.apache.http.wire - http-outgoing-1 << "  "firstName" : "Anne ",[\n]"
10:35:27.428 [Test worker] DEBUG org.apache.http.wire - http-outgoing-1 << "  "lastName" : "Moloney",[\n]"
10:35:27.428 [Test worker] DEBUG org.apache.http.wire - http-outgoing-1 << "  "contactMobile" : "07985943169"[\n]"
10:35:27.428 [Test worker] DEBUG org.apache.http.wire - http-outgoing-1 << "}, {[\n]"
10:35:27.428 [Test worker] DEBUG org.apache.http.wire - http-outgoing-1 << "  "id" : "579937423b7a1f0f276f6da4",[\n]"
10:35:27.428 [Test worker] DEBUG org.apache.http.wire - http-outgoing-1 << "  "email" : "william.carson@ldblondon.com",[\n]"
10:35:27.428 [Test worker] DEBUG org.apache.http.wire - http-outgoing-1 << "  "firstName" : "William",[\n]"
10:35:27.428 [Test worker] DEBUG org.apache.http.wire - http-outgoing-1 << "  "lastName" : "Carson",[\n]"
10:35:27.428 [Test worker] DEBUG org.apache.http.wire - http-outgoing-1 << "  "contactMobile" : "07734"
10:35:27.429 [Test worker] DEBUG org.apache.http.headers - http-outgoing-1 << HTTP/1.1 302 Found
10:35:27.429 [Test worker] DEBUG org.apache.http.headers - http-outgoing-1 << Cache-Control: no-cache, no-store, max-age=0, must-revalidate
10:35:27.429 [Test worker] DEBUG org.apache.http.headers - http-outgoing-1 << Content-Type: application/json;charset=UTF-8
10:35:27.429 [Test worker] DEBUG org.apache.http.headers - http-outgoing-1 << Date: Sat, 21 Jan 2017 10:35:26 GMT
10:35:27.429 [Test worker] DEBUG org.apache.http.headers - http-outgoing-1 << Expires: 0
10:35:27.429 [Test worker] DEBUG org.apache.http.headers - http-outgoing-1 << Pragma: no-cache
10:35:27.429 [Test worker] DEBUG org.apache.http.headers - http-outgoing-1 << X-Application-Context: yapreunion30:cloud:0
10:35:27.429 [Test worker] DEBUG org.apache.http.headers - http-outgoing-1 << X-Content-Type-Options: nosniff
10:35:27.429 [Test worker] DEBUG org.apache.http.headers - http-outgoing-1 << X-Frame-Options: DENY
10:35:27.429 [Test worker] DEBUG org.apache.http.headers - http-outgoing-1 << X-Vcap-Request-Id: b8f7dce4-3eb7-4fd7-5eef-6fa902060c02
10:35:27.429 [Test worker] DEBUG org.apache.http.headers - http-outgoing-1 << X-Xss-Protection: 1; mode=block
10:35:27.429 [Test worker] DEBUG org.apache.http.headers - http-outgoing-1 << transfer-encoding: chunked
10:35:27.429 [Test worker] DEBUG org.apache.http.headers - http-outgoing-1 << Connection: keep-alive
10:35:27.429 [Test worker] DEBUG org.apache.http.impl.execchain.MainClientExec - Connection can be kept alive indefinitely
10:35:27.429 [Test worker] DEBUG org.springframework.web.client.RestTemplate - GET request for "http://yapreunion30.cfapps.io/getrestpersons" resulted in 302 (Found)
10:35:27.429 [Test worker] DEBUG org.springframework.web.client.RestTemplate - Reading [class [Lorg.frank.bogle.model.Person;] as "application/json;charset=UTF-8" using [org.springframework.http.converter.json.MappingJackson2HttpMessageConverter@60eff511]
10:35:27.429 [Test worker] DEBUG org.apache.http.wire - http-outgoing-1 << "220058"[\n]"
10:35:27.429 [Test worker] DEBUG org.apache.http.wire - http-outgoing-1 << "}, {[\n]"
10:35:27.429 [Test worker] DEBUG org.apache.http.wire - http-outgoing-1 << "  "id" : "5799b1b53b7a1f0f276f6da5",[\n]"
10:35:27.429 [Test worker] DEBUG org.apache.http.wire - http-outgoing-1 << "  "email" : "rjmvidal@btinternet.com",[\n]"
10:35:27.429 [Test worker] DEBUG org.apache.http.wire - http-outgoing-1 << "  "firstName" : "Royer",[\n]"
10:35:27.429 [Test worker] DEBUG org.apache.http.wire - http-outgoing-1 << "  "lastName" : "Vidal",[\n]"
10:35:27.429 [Test worker] DEBUG org.apache.http.wire - http-outgoing-1 << "  "contactMobile" : "07760380313"[\n]"
10:35:27.429 [Test worker] DEBUG org.apache.http.wire - http-outgoing-1 << "}, {[\n]"
10:35:27.430 [Test worker] DEBUG org.apache.http.wire - http-outgoing-1 << "  "id" : "5799f02b3b7a1f0f276f6da6",[\n]"
10:35:27.430 [Test worker] DEBUG org.apache.http.wire - http-outgoing-1 << "  "email" : "realucy@yahoo.co.uk",[\n]"
10:35:27.430 [Test worker] DEBUG org.apache.http.wire - http-outgoing-1 << "  "firstName" : "Lucy",[\n]"
10:35:27.430 [Test worker] DEBUG org.apache.http.wire - http-outgoing-1 << "  "lastName" : "Bennett nee rea",[\n]"
10:35:27.430 [Test worker] DEBUG org.apache.http.wire - http-outgoing-1 << "  "contactMobile" : "07971461917"[\n]"
10:35:27.430 [Test worker] DEBUG org.apache.http.wire - http-outgoing-1 << "}, {[\n]"
10:35:27.430 [Test worker] DEBUG org.apache.http.wire - http-outgoing-1 << "  "id" : "5799f02c3b7a1f0f276f6da7",[\n]"
10:35:27.430 [Test worker] DEBUG org.apache.http.wire - http-outgoing-1 << "  "email" : "realucy@yahoo.co.uk",[\n]"
10:35:27.430 [Test worker] DEBUG org.apache.http.wire - http-outgoing-1 << "  "firstName" : "Lucy",[\n]"
10:35:27.430 [Test worker] DEBUG org.apache.http.wire - http-outgoing-1 << "  "lastName" : "Bennett nee rea",[\n]"
10:35:27.430 [Test worker] DEBUG org.apache.http.wire - http-outgoing-1 << "  "contactMobile" : "07971461917"[\n]"
10:35:27.430 [Test worker] DEBUG org.apache.http.wire - http-outgoing-1 << "}, {[\n]"
10:35:27.430 [Test worker] DEBUG org.apache.http.wire - http-outgoing-1 << "  "id" : "579e2d5c3b7a1f0f276f6da8",[\n]"
10:35:27.430 [Test worker] DEBUG org.apache.http.wire - http-outgoing-1 << "  "email" : "elizabethsimpson90@hotmail.com",[\n]"
10:35:27.430 [Test worker] DEBUG org.apache.http.wire - http-outgoing-1 << "  "firstName" : "Liz",[\n]"
10:35:27.430 [Test worker] DEBUG org.apache.http.wire - http-outgoing-1 << "  "lastName" : "Simpson",[\n]"
10:35:27.430 [Test worker] DEBUG org.apache.http.wire - http-outgoing-1 << "  "contactMobile" : "077661 98661"[\n]"
10:35:27.430 [Test worker] DEBUG org.apache.http.wire - http-outgoing-1 << "}, {[\n]"
10:35:27.430 [Test worker] DEBUG org.apache.http.wire - http-outgoing-1 << "  "id" : "579fc99a3b7a1f0f276f6da9",[\n]"
10:35:27.430 [Test worker] DEBUG org.apache.http.wire - http-outgoing-1 << "  "email" : "alanjryan@me.com",[\n]"
10:35:27.430 [Test worker] DEBUG org.apache.http.wire - http-outgoing-1 << "  "firstName" : "Alan",[\n]"
10:35:27.430 [Test worker] DEBUG org.apache.http.wire - http-outgoing-1 << "  "lastName" : "Ryan",[\n]"
10:35:27.430 [Test worker] DEBUG org.apache.http.wire - http-outgoing-1 << "  "contactMobile" : "07795418468"[\n]"
10:35:27.430 [Test worker] DEBUG org.apache.http.wire - http-outgoing-1 << "}, {[\n]"
10:35:27.430 [Test worker] DEBUG org.apache.http.wire - http-outgoing-1 << "  "id" : "57b72c95af46f1736a7b9c36",[\n]"
10:35:27.430 [Test worker] DEBUG org.apache.http.wire - http-outgoing-1 << "  "email" : "vtowers@tiscali.co.uk",[\n]"
10:35:27.430 [Test worker] DEBUG org.apache.http.wire - http-outgoing-1 << "  "firstName" : "Veronica",[\n]"
10:35:27.430 [Test worker] DEBUG org.apache.http.wire - http-outgoing-1 << "  "lastName" : "Towers",[\n]"
10:35:27.430 [Test worker] DEBUG org.apache.http.wire - http-outgoing-1 << "  "contactMobile" : "0208 767 3796"[\n]"
10:35:27.430 [Test worker] DEBUG org.apache.http.wire - http-outgoing-1 << "}, {[\n]"
10:35:27.430 [Test worker] DEBUG org.apache.http.wire - http-outgoing-1 << "  "id" : "57c31a9063a627ba38791b19",[\n]"
10:35:27.430 [Test worker] DEBUG org.apache.http.wire - http-outgoing-1 << "  "email" : "barbara@gompels.com",[\n]"
10:35:27.430 [Test worker] DEBUG org.apache.http.wire - http-outgoing-1 << "  "firstName" : "Barbara",[\n]"
10:35:27.430 [Test worker] DEBUG org.apache.http.wire - http-outgoing-1 << "  "lastName" : "Gompels",[\n]"
10:35:27.430 [Test worker] DEBUG org.apache.http.wire - http-outgoing-1 << "  "contactMobile" : "07738131451"[\n]"
10:35:27.430 [Test worker] DEBUG org.apache.http.wire - http-outgoing-1 << "}, {[\n]"
10:35:27.430 [Test worker] DEBUG org.apache.http.wire - http-outgoing-1 << "  "id" : "57c3d7b663a627ba38791b1a",[\n]"
10:35:27.430 [Test worker] DEBUG org.apache.http.wire - http-outgoing-1 << "  "email" : "wiffywillis@gmail.com",[\n]"
10:35:27.430 [Test worker] DEBUG org.apache.http.wire - http-outgoing-1 << "  "firstName" : "Rosie",[\n]"
10:35:27.430 [Test worker] DEBUG org.apache.http.wire - http-outgoing-1 << "  "lastName" : "Willis",[\n]"
10:35:27.430 [Test worker] DEBUG org.apache.http.wire - http-outgoing-1 << "  "contactMobile" : "07957571199"[\n]"
10:35:27.430 [Test worker] DEBUG org.apache.http.wire - http-outgoing-1 << "}, {[\n]"
10:35:27.430 [Test worker] DEBUG org.apache.http.wire - http-outgoing-1 << "  "id" : "57c5439263a627ba38791b1b",[\n]"
10:35:27.430 [Test worker] DEBUG org.apache.http.wire - http-outgoing-1 << "  "email" : "familywalsh@uwclub.net",[\n]"
10:35:27.430 [Test worker] DEBUG org.apache.http.wire - http-outgoing-1 << "  "firstName" : "David ",[\n]"
10:35:27.430 [Test worker] DEBUG org.apache.http.wire - http-outgoing-1 << "  "lastName" : "Walsh",[\n]"
10:35:27.430 [Test worker] DEBUG org.apache.http.wire - http-outgoing-1 << "  "contactMobile" : "01892 545058"[\n]"
10:35:27.430 [Test worker] DEBUG org.apache.http.wire - http-outgoing-1 << "}, {[\n]"
10:35:27.430 [Test worker] DEBUG org.apache.http.wire - http-outgoing-1 << "  "id" : "57c57e2a63a627ba38791b1c",[\n]"
10:35:27.430 [Test worker] DEBUG org.apache.http.wire - http-outgoing-1 << "  "email" : "realucy@yahoo.co.uk",[\n]"
10:35:27.430 [Test worker] DEBUG org.apache.http.wire - http-outgoing-1 << "  "firstName" : "Lucy",[\n]"
10:35:27.430 [Test worker] DEBUG org.apache.http.wire - http-outgoing-1 << "  "lastName" : "Rea",[\n]"
10:35:27.430 [Test worker] DEBUG org.apache.http.wire - http-outgoing-1 << "  "contactMobile" : "07971461917"[\n]"
10:35:27.430 [Test worker] DEBUG org.apache.http.wire - http-outgoing-1 << "}, {[\n]"
10:35:27.430 [Test worker] DEBUG org.apache.http.wire - http-outgoing-1 << "  "id" : "57cfbd34a5ce74d19de4fcb6",[\n]"
10:35:27.430 [Test worker] DEBUG org.apache.http.wire - http-outgoing-1 << "  "email" : "n/a",[\n]"
10:35:27.430 [Test worker] DEBUG org.apache.http.wire - http-outgoing-1 << "  "firstName" : "Joyce",[\n]"
10:35:27.430 [Test worker] DEBUG org.apache.http.wire - http-outgoing-1 << "  "lastName" : "Eidiale",[\n]"
10:35:27.430 [Test worker] DEBUG org.apache.http.wire - http-outgoing-1 << "  "contactMobile" : "07570 631902"[\n]"
10:35:27.430 [Test worker] DEBUG org.apache.http.wire - http-outgoing-1 << "}, {[\n]"
10:35:27.430 [Test worker] DEBUG org.apache.http.wire - http-outgoing-1 << "  "id" : "57d1d5a840d83c007ea2d5b7",[\n]"
10:35:27.430 [Test worker] DEBUG org.apache.http.wire - http-outgoing-1 << "  "email" : "tony.davids@ntlworld.com",[\n]"
10:35:27.430 [Test worker] DEBUG org.apache.http.wire - http-outgoing-1 << "  "firstName" : "Tony",[\n]"
10:35:27.430 [Test worker] DEBUG org.apache.http.wire - http-outgoing-1 << "  "lastName" : "Davids",[\n]"
10:35:27.430 [Test worker] DEBUG org.apache.http.wire - http-outgoing-1 << "  "contactMobile" : "07976278203"[\n]"
10:35:27.430 [Test worker] DEBUG org.apache.http.wire - http-outgoing-1 << "}, {[\n]"
10:35:27.430 [Test worker] DEBUG org.apache.http.wire - http-outgoing-1 << "  "id" : "57d1d5a840d83c007ea2d5b8",[\n]"
10:35:27.430 [Test worker] DEBUG org.apache.http.wire - http-outgoing-1 << "  "email" : "tony.davids@ntlworld.com",[\n]"
10:35:27.430 [Test worker] DEBUG org.apache.http.wire - http-outgoing-1 << "  "firstName" : "Tony",[\n]"
10:35:27.430 [Test worker] DEBUG org.apache.http.wire - http-outgoing-1 << "  "lastName" : "Davids",[\n]"
10:35:27.430 [Test worker] DEBUG org.apache.http.wire - http-outgoing-1 << "  "contactMobile" : "07976278203"[\n]"
10:35:27.430 [Test worker] DEBUG org.apache.http.wire - http-outgoing-1 << "}, {[\n]"
10:35:27.430 [Test worker] DEBUG org.apache.http.wire - http-outgoing-1 << "  "id" : "57d54b497a7eb441514b3910",[\n]"
10:35:27.430 [Test worker] DEBUG org.apache.http.wire - http-outgoing-1 << "  "email" : "Clairejmbetts@aol.com",[\n]"
10:35:27.430 [Test worker] DEBUG org.apache.http.wire - http-outgoing-1 << "  "firstName" : "Claire",[\n]"
10:35:27.430 [Test worker] DEBUG org.apache.http.wire - http-outgoing-1 << "  "lastName" : "Betts",[\n]"
10:35:27.430 [Test worker] DEBUG org.apache.http.wire - http-outgoing-1 << "  "contactMobile" : "07999481738"[\n]"
10:35:27.430 [Test worker] DEBUG org.apache.http.wire - http-outgoing-1 << "}, {[\n]"
10:35:27.430 [Test worker] DEBUG org.apache.http.wire - http-outgoing-1 << "  "id" : "57d641887a7eb441514b3911",[\n]"
10:35:27.430 [Test worker] DEBUG org.apache.http.wire - http-outgoing-1 << "  "email" : "elizabethsimpson90@hotmail.com",[\n]"
10:35:27.430 [Test worker] DEBUG org.apache.http.wire - http-outgoing-1 << "  "firstName" : "Liz",[\n]"
10:35:27.430 [Test worker] DEBUG org.apache.http.wire - http-outgoing-1 << "  "lastName" : "Simpson",[\n]"
10:35:27.430 [Test worker] DEBUG org.apache.http.wire - http-outgoing-1 << "  "contactMobile" : "077661 98661"[\n]"
10:35:27.430 [Test worker] DEBUG org.apache.http.wire - http-outgoing-1 << "}, {[\n]"
10:35:27.430 [Test worker] DEBUG org.apache.http.wire - http-outgoing-1 << "  "id" : "57d683457a7eb441514b3912",[\n]"
10:35:27.430 [Test worker] DEBUG org.apache.http.wire - http-outgoing-1 << "  "email" : "JacquelineAKelly@hotmail.com",[\n]"
10:35:27.430 [Test worker] DEBUG org.apache.http.wire - http-outgoing-1 << "  "firstName" : "Jacqueline",[\n]"
10:35:27.430 [Test worker] DEBUG org.apache.http.wire - http-outgoing-1 << "  "lastName" : "Kelly",[\n]"
10:35:27.430 [Test worker] DEBUG org.apache.http.wire - http-outgoing-1 << "  "contactMobile" : "01442 257609"[\n]"
10:35:27.430 [Test worker] DEBUG org.apache.http.wire - http-outgoing-1 << "}, {[\n]"
10:35:27.430 [Test worker] DEBUG org.apache.http.wire - http-outgoing-1 << "  "id" : "57ddaac77a7eb441514b3913",[\n]"
10:35:27.430 [Test worker] DEBUG org.apache.http.wire - http-outgoing-1 << "  "email" : "n/a",[\n]"
10:35:27.430 [Test worker] DEBUG org.apache.http.wire - http-outgoing-1 << "  "firstName" : "Catherine ",[\n]"
10:35:27.430 [Test worker] DEBUG org.apache.http.wire - http-outgoing-1 << "  "lastName" : "Scott",[\n]"
10:35:27.430 [Test worker] DEBUG org.apache.http.wire - http-outgoing-1 << "  "contactMobile" : "0207 589 1377"[\n]"
10:35:27.430 [Test worker] DEBUG org.apache.http.wire - http-outgoing-1 << "}, {[\n]"
10:35:27.430 [Test worker] DEBUG org.apache.http.wire - http-outgoing-1 << "  "id" : "57dede5e7a7eb441514b3914",[\n]"
10:35:27.430 [Test worker] DEBUG org.apache.http.wire - http-outgoing-1 << "  "email" : "only.jay1971@gmail.com",[\n]"
10:35:27.430 [Test worker] DEBUG org.apache.http.wire - http-outgoing-1 << "  "firstName" : "Janis",[\n]"
10:35:27.430 [Test worker] DEBUG org.apache.http.wire - http-outgoing-1 << "  "lastName" : "Dieterhart",[\n]"
10:35:27.430 [Test worker] DEBUG org.apache.http.wire - http-outgoing-1 << "  "contactMobile" : "N/a"[\n]"
10:35:27.430 [Test worker] DEBUG org.apache.http.wire - http-outgoing-1 << "}, {[\n]"
10:35:27.430 [Test worker] DEBUG org.apache.http.wire - http-outgoing-1 << "  "id" : "57dedf1c7a7eb441514b3915",[\n]"
10:35:27.430 [Test worker] DEBUG org.apache.http.wire - http-outgoing-1 << "  "email" : "n/a",[\n]"
10:35:27.430 [Test worker] DEBUG org.apache.http.wire - http-outgoing-1 << "  "firstName" : "Phillipa & Damian ",[\n]"
10:35:27.430 [Test worker] DEBUG org.apache.http.wire - http-outgoing-1 << "  "lastName" : "Keeling ",[\n]"
10:35:27.430 [Test worker] DEBUG org.apache.http.wire - http-outgoing-1 << "  "contactMobile" : "+44 7929 616378"[\n]"
10:35:27.430 [Test worker] DEBUG org.apache.http.wire - http-outgoing-1 << "}, {[\n]"
10:35:27.430 [Test worker] DEBUG org.apache.http.wire - http-outgoing-1 << "  "id" : "57e2aa4f7cc07e53dbda7121",[\n]"
10:35:27.430 [Test worker] DEBUG org.apache.http.wire - http-outgoing-1 << "  "email" : "cathycymru@hotmail.com",[\n]"
10:35:27.430 [Test worker] DEBUG org.apache.http.wire - http-outgoing-1 << "  "firstName" : "Cathy",[\n]"
10:35:27.430 [Test worker] DEBUG org.apache.http.wire - http-outgoing-1 << "  "lastName" : "Davies",[\n]"
10:35:27.430 [Test worker] DEBUG org.apache.http.wire - http-outgoing-1 << "  "contactMobile" : "07975907860"[\n]"
10:35:27.430 [Test worker] DEBUG org.apache.http.wire - http-outgoing-1 << "}, {[\n]"
10:35:27.430 [Test worker] DEBUG org.apache.http.wire - http-outgoing-1 << "  "id" : "57e2ab2c7cc07e53dbda7122",[\n]"
10:35:27.430 [Test worker] DEBUG org.apache.http.wire - http-outgoing-1 << "  "email" : "andreafitzwilliam@hotmail.com",[\n]"
10:35:27.430 [Test worker] DEBUG org.apache.http.wire - http-outgoing-1 << "  "firstName" : "Andrea",[\n]"
10:35:27.430 [Test worker] DEBUG org.apache.http.wire - http-outgoing-1 << "  "lastName" : "Fitzwilliam",[\n]"
10:35:27.430 [Test worker] DEBUG org.apache.http.wire - http-outgoing-1 << "  "contactMobile" : "077"[\n]"
10:35:27.430 [Test worker] DEBUG org.apache.http.wire - http-outgoing-1 << "}, {[\n]"
10:35:27.430 [Test worker] DEBUG org.apache.http.wire - http-outgoing-1 << "  "id" : "57e301007cc07e53dbda7123",[\n]"
10:35:27.430 [Test worker] DEBUG org.apache.http.wire - http-outgoing-1 << "  "email" : "rnmorris55@gmail.com",[\n]"
10:35:27.430 [Test worker] DEBUG org.apache.http.wire - http-outgoing-1 << "  "firstName" : "Nick",[\n]"
10:35:27.430 [Test worker] DEBUG org.apache.http.wire - http-outgoing-1 << "  "lastName" : "Morris",[\n]"
10:35:27.430 [Test worker] DEBUG org.apache.http.wire - http-outgoing-1 << "  "contactMobile" : "07505904987"[\n]"
10:35:27.430 [Test worker] DEBUG org.apache.http.wire - http-outgoing-1 << "}, {[\n]"
10:35:27.430 [Test worker] DEBUG org.apache.http.wire - http-outgoing-1 << "  "id" : "57e3015c7cc07e53dbda7124",[\n]"
10:35:27.430 [Test worker] DEBUG org.apache.http.wire - http-outgoing-1 << "  "email" : "morrisfamily@john-lewis.com",[\n]"
10:35:27.430 [Test worker] DEBUG org.apache.http.wire - http-outgoing-1 << "  "firstName" : "Deirdre",[\n]"
10:35:27.430 [Test worker] DEBUG org.apache.http.wire - http-outgoing-1 << "  "lastName" : "Morris",[\n]"
10:35:27.430 [Test worker] DEBUG org.apache.http.wire - http-outgoing-1 << "  "contactMobile" : "07742016006"[\n]"
10:35:27.430 [Test worker] DEBUG org.apache.http.wire - http-outgoing-1 << "}, {[\n]"
10:35:27.430 [Test worker] DEBUG org.apache.http.wire - http-outgoing-1 << "  "id" : "580394227662aef9ded7cfa2",[\n]"
10:35:27.430 [Test worker] DEBUG org.apache.http.wire - http-outgoing-1 << "  "email" : "marvin.severin@blueyonder.co.uk",[\n]"
10:35:27.430 [Test worker] DEBUG org.apache.http.wire - http-outgoing-1 << "  "firstName" : "Marvin (female)",[\n]"
10:35:27.430 [Test worker] DEBUG org.apache.http.wire - http-outgoing-1 << "  "lastName" : "Severin",[\n]"
10:35:27.430 [Test worker] DEBUG org.apache.http.wire - http-outgoing-1 << "  "contactMobile" : "07766 059 277"[\n]"
10:35:27.430 [Test worker] DEBUG org.apache.http.wire - http-outgoing-1 << "}, {[\n]"
10:35:27.430 [Test worker] DEBUG org.apache.http.wire - http-outgoing-1 << "  "id" : "5805e67c7662aef9ded7cfa3",[\n]"
10:35:27.430 [Test worker] DEBUG org.apache.http.wire - http-outgoing-1 << "  "email" : "john@tangney-tours.com",[\n]"
10:35:27.430 [Test worker] DEBUG org.apache.http.wire - http-outgoing-1 << "  "firstName" : "John",[\n]"
10:35:27.430 [Test worker] DEBUG org.apache.http.wire - http-outgoing-1 << "  "lastName" : "Tangney",[\n]"
10:35:27.430 [Test worker] DEBUG org.apache.http.wire - http-outgoing-1 << "  "contactMobile" : "01732886666"[\n]"
10:35:27.430 [Test worker] DEBUG org.apache.http.wire - http-outgoing-1 << "}, {[\n]"
10:35:27.430 [Test worker] DEBUG org.apache.http.wire - http-outgoing-1 << "  "id" : "5806857d7662aef9ded7cfa4",[\n]"
10:35:27.430 [Test worker] DEBUG org.apache.http.wire - http-outgoing-1 << "  "email" : "patrickneal@hotmail.co.uk",[\n]"
10:35:27.430 [Test worker] DEBUG org.apache.http.wire - http-outgoing-1 << "  "firstName" : "Patrick",[\n]"
10:35:27.430 [Test worker] DEBUG org.apache.http.wire - http-outgoing-1 << "  "lastName" : "Neal",[\n]"
10:35:27.430 [Test worker] DEBUG org.apache.http.wire - http-outgoing-1 << "  "contactMobile" : "07879256276"[\n]"
10:35:27.430 [Test worker] DEBUG org.apache.http.wire - http-outgoing-1 << "}, {[\n]"
10:35:27.430 [Test worker] DEBUG org.apache.http.wire - http-outgoing-1 << "  "id"
10:35:27.529 [Test worker] DEBUG org.apache.http.wire - http-outgoing-1 << "" : "580a04527662aef9ded7cfa5",[\n]"
10:35:27.529 [Test worker] DEBUG org.apache.http.wire - http-outgoing-1 << "  "email" : "catherinetheresescott@gmail.com",[\n]"
10:35:27.529 [Test worker] DEBUG org.apache.http.wire - http-outgoing-1 << "  "firstName" : "Catherine",[\n]"
10:35:27.529 [Test worker] DEBUG org.apache.http.wire - http-outgoing-1 << "  "lastName" : "Scott",[\n]"
10:35:27.529 [Test worker] DEBUG org.apache.http.wire - http-outgoing-1 << "  "contactMobile" : "02075891377"[\n]"
10:35:27.529 [Test worker] DEBUG org.apache.http.wire - http-outgoing-1 << "}, {[\n]"
10:35:27.529 [Test worker] DEBUG org.apache.http.wire - http-outgoing-1 << "  "id" : "581083952730568648afa586",[\n]"
10:35:27.529 [Test worker] DEBUG org.apache.http.wire - http-outgoing-1 << "  "email" : "mconmee@gmail.com",[\n]"
10:35:27.529 [Test worker] DEBUG org.apache.http.wire - http-outgoing-1 << "  "firstName" : "Monica",[\n]"
10:35:27.529 [Test worker] DEBUG org.apache.http.wire - http-outgoing-1 << "  "lastName" : "Conmee",[\n]"
10:35:27.529 [Test worker] DEBUG org.apache.http.wire - http-outgoing-1 << "  "contactMobile" : "07713637953"[\n]"
10:35:27.529 [Test worker] DEBUG org.apache.http.wire - http-outgoing-1 << "}, {[\n]"
10:35:27.529 [Test worker] DEBUG org.apache.http.wire - http-outgoing-1 << "  "id" : "587a9513fbce690014981889",[\n]"
10:35:27.529 [Test worker] DEBUG org.apache.http.wire - http-outgoing-1 << "  "email" : "Rest Test Email",[\n]"
10:35:27.529 [Test worker] DEBUG org.apache.http.wire - http-outgoing-1 << "  "firstName" : "Rest Test Firstname",[\n]"
10:35:27.529 [Test worker] DEBUG org.apache.http.wire - http-outgoing-1 << "  "lastName" : "Rest Test Lastname",[\n]"
10:35:27.529 [Test worker] DEBUG org.apache.http.wire - http-outgoing-1 << "  "contactMobile" : "Rest Test Mobile"[\n]"
10:35:27.529 [Test worker] DEBUG org.apache.http.wire - http-outgoing-1 << "}, {[\n]"
10:35:27.529 [Test worker] DEBUG org.apache.http.wire - http-outgoing-1 << "  "id" : "587a9618fbce69001498188a",[\n]"
10:35:27.529 [Test worker] DEBUG org.apache.http.wire - http-outgoing-1 << "  "email" : "Rest Test Email",[\n]"
10:35:27.529 [Test worker] DEBUG org.apache.http.wire - http-outgoing-1 << "  "firstName" : "Rest Test Firstname",[\n]"
10:35:27.529 [Test worker] DEBUG org.apache.http.wire - http-outgoing-1 << "  "lastName" : "Rest Test Lastname",[\n]"
10:35:27.529 [Test worker] DEBUG org.apache.http.wire - http-outgoing-1 << "  "contactMobile" : "Rest Test Mobile"[\n]"
10:35:27.529 [Test worker] DEBUG org.apache.http.wire - http-outgoing-1 << "}, {[\n]"
10:35:27.530 [Test worker] DEBUG org.apache.http.wire - http-outgoing-1 << "  "id" : "587abfeafbce69001498188b",[\n]"
10:35:27.530 [Test worker] DEBUG org.apache.http.wire - http-outgoing-1 << "  "email" : "Rest Test Email",[\n]"
10:35:27.530 [Test worker] DEBUG org.apache.http.wire - http-outgoing-1 << "  "firstName" : "Rest Test Firstname",[\n]"
10:35:27.530 [Test worker] DEBUG org.apache.http.wire - http-outgoing-1 << "  "lastName" : "Rest Test Lastname",[\n]"
10:35:27.530 [Test worker] DEBUG org.apache.http.wire - http-outgoing-1 << "  "contactMobile" : "Rest Test Mobile"[\n]"
10:35:27.530 [Test worker] DEBUG org.apache.http.wire - http-outgoing-1 << "}, {[\n]"
10:35:27.530 [Test worker] DEBUG org.apache.http.wire - http-outgoing-1 << "  "id" : "5880eb1efbce69001498188c",[\n]"
10:35:27.530 [Test worker] DEBUG org.apache.http.wire - http-outgoing-1 << "  "email" : "Rest Test Email",[\n]"
10:35:27.530 [Test worker] DEBUG org.apache.http.wire - http-outgoing-1 << "  "firstName" : "Rest Test Firstname",[\n]"
10:35:27.530 [Test worker] DEBUG org.apache.http.wire - http-outgoing-1 << "  "lastName" : "Rest Test Lastname",[\n]"
10:35:27.530 [Test worker] DEBUG org.apache.http.wire - http-outgoing-1 << "  "contactMobile" : "Rest Test Mobile"[\n]"
10:35:27.530 [Test worker] DEBUG org.apache.http.wire - http-outgoing-1 << "}, {[\n]"
10:35:27.530 [Test worker] DEBUG org.apache.http.wire - http-outgoing-1 << "  "id" : "588118e29f0ae10014790e3f",[\n]"
10:35:27.530 [Test worker] DEBUG org.apache.http.wire - http-outgoing-1 << "  "email" : "Rest Test Email",[\n]"
10:35:27.530 [Test worker] DEBUG org.apache.http.wire - http-outgoing-1 << "  "firstName" : "Rest Test Firstname",[\n]"
10:35:27.530 [Test worker] DEBUG org.apache.http.wire - http-outgoing-1 << "  "lastName" : "Rest Test Lastname",[\n]"
10:35:27.530 [Test worker] DEBUG org.apache.http.wire - http-outgoing-1 << "  "contactMobile" : "Rest Test Mobile"[\n]"
10:35:27.530 [Test worker] DEBUG org.apache.http.wire - http-outgoing-1 << "}, {[\n]"
10:35:27.530 [Test worker] DEBUG org.apache.http.wire - http-outgoing-1 << "  "id" : "588119449f0ae10014790e40",[\n]"
10:35:27.530 [Test worker] DEBUG org.apache.http.wire - http-outgoing-1 << "  "email" : "Rest Test Email",[\n]"
10:35:27.530 [Test worker] DEBUG org.apache.http.wire - http-outgoing-1 << "  "firstName" : "Rest Test Firstname",[\n]"
10:35:27.530 [Test worker] DEBUG org.apache.http.wire - http-outgoing-1 << "  "lastName" : "Rest Test Lastname",[\n]"
10:35:27.530 [Test worker] DEBUG org.apache.http.wire - http-outgoing-1 << "  "contactMobile" : ""
10:35:27.530 [Test worker] DEBUG org.apache.http.wire - http-outgoing-1 << "Rest Test Mobile"[\n]"
10:35:27.530 [Test worker] DEBUG org.apache.http.wire - http-outgoing-1 << "}, {[\n]"
10:35:27.530 [Test worker] DEBUG org.apache.http.wire - http-outgoing-1 << "  "id" : "588119f29f0ae10014790e41",[\n]"
10:35:27.530 [Test worker] DEBUG org.apache.http.wire - http-outgoing-1 << "  "email" : "Rest Test Email",[\n]"
10:35:27.530 [Test worker] DEBUG org.apache.http.wire - http-outgoing-1 << "  "firstName" : "Rest Test Firstname",[\n]"
10:35:27.530 [Test worker] DEBUG org.apache.http.wire - http-outgoing-1 << "  "lastName" : "Rest Test Lastname",[\n]"
10:35:27.530 [Test worker] DEBUG org.apache.http.wire - http-outgoing-1 << "  "contactMobile" : "Rest Test Mobile"[\n]"
10:35:27.530 [Test worker] DEBUG org.apache.http.wire - http-outgoing-1 << "}, {[\n]"
10:35:27.530 [Test worker] DEBUG org.apache.http.wire - http-outgoing-1 << "  "id" : "5881318a3392b9000d1e28d8",[\n]"
10:35:27.530 [Test worker] DEBUG org.apache.http.wire - http-outgoing-1 << "  "email" : "Rest Test Email",[\n]"
10:35:27.530 [Test worker] DEBUG org.apache.http.wire - http-outgoing-1 << "  "firstName" : "Rest Test Firstname",[\n]"
10:35:27.530 [Test worker] DEBUG org.apache.http.wire - http-outgoing-1 << "  "lastName" : "Rest Test Lastname",[\n]"
10:35:27.530 [Test worker] DEBUG org.apache.http.wire - http-outgoing-1 << "  "contactMobile" : "Rest Test Mobile"[\n]"
10:35:27.530 [Test worker] DEBUG org.apache.http.wire - http-outgoing-1 << "}, {[\n]"
10:35:27.530 [Test worker] DEBUG org.apache.http.wire - http-outgoing-1 << "  "id" : "58825962a518db000e9c76ee",[\n]"
10:35:27.530 [Test worker] DEBUG org.apache.http.wire - http-outgoing-1 << "  "email" : "Rest Test Email",[\n]"
10:35:27.530 [Test worker] DEBUG org.apache.http.wire - http-outgoing-1 << "  "firstName" : "Rest Test Firstname",[\n]"
10:35:27.530 [Test worker] DEBUG org.apache.http.wire - http-outgoing-1 << "  "lastName" : "Rest Test Lastname",[\n]"
10:35:27.530 [Test worker] DEBUG org.apache.http.wire - http-outgoing-1 << "  "contactMobile" : "Rest Test Mobile"[\n]"
10:35:27.530 [Test worker] DEBUG org.apache.http.wire - http-outgoing-1 << "}, {[\n]"
10:35:27.530 [Test worker] DEBUG org.apache.http.wire - http-outgoing-1 << "  "id" : "5882598aa518db000e9c76ef",[\n]"
10:35:27.530 [Test worker] DEBUG org.apache.http.wire - http-outgoing-1 << "  "email" : "Rest Test Email",[\n]"
10:35:27.530 [Test worker] DEBUG org.apache.http.wire - http-outgoing-1 << "  "firstName" : "Rest Test Firstname",[\n]"
10:35:27.530 [Test worker] DEBUG org.apache.http.wire - http-outgoing-1 << "  "lastName" : "Rest Test Lastname",[\n]"
10:35:27.530 [Test worker] DEBUG org.apache.http.wire - http-outgoing-1 << "  "contactMobile" : "Rest Test Mobile"[\n]"
10:35:27.530 [Test worker] DEBUG org.apache.http.wire - http-outgoing-1 << "}, {[\n]"
10:35:27.530 [Test worker] DEBUG org.apache.http.wire - http-outgoing-1 << "  "id" : "58825a6b651bcc000e233fc6",[\n]"
10:35:27.530 [Test worker] DEBUG org.apache.http.wire - http-outgoing-1 << "  "email" : "Rest Test Email",[\n]"
10:35:27.530 [Test worker] DEBUG org.apache.http.wire - http-outgoing-1 << "  "firstName" : "Rest Test Firstname",[\n]"
10:35:27.530 [Test worker] DEBUG org.apache.http.wire - http-outgoing-1 << "  "lastName" : "Rest Test Lastname",[\n]"
10:35:27.530 [Test worker] DEBUG org.apache.http.wire - http-outgoing-1 << "  "contactMobile" : "Rest Test Mobile"[\n]"
10:35:27.530 [Test worker] DEBUG org.apache.http.wire - http-outgoing-1 << "}, {[\n]"
10:35:27.530 [Test worker] DEBUG org.apache.http.wire - http-outgoing-1 << "  "id" : "58825a86651bcc000e233fc7",[\n]"
10:35:27.530 [Test worker] DEBUG org.apache.http.wire - http-outgoing-1 << "  "email" : "Rest Test Email",[\n]"
10:35:27.530 [Test worker] DEBUG org.apache.http.wire - http-outgoing-1 << "  "firstName" : "Rest Test Firstname",[\n]"
10:35:27.530 [Test worker] DEBUG org.apache.http.wire - http-outgoing-1 << "  "lastName" : "Rest Test Lastname",[\n]"
10:35:27.530 [Test worker] DEBUG org.apache.http.wire - http-outgoing-1 << "  "contactMobile" : "Rest Test Mobile"[\n]"
10:35:27.530 [Test worker] DEBUG org.apache.http.wire - http-outgoing-1 << "}, {[\n]"
10:35:27.530 [Test worker] DEBUG org.apache.http.wire - http-outgoing-1 << "  "id" : "58825bfc651bcc000e233fc8",[\n]"
10:35:27.530 [Test worker] DEBUG org.apache.http.wire - http-outgoing-1 << "  "email" : "Rest Test Email",[\n]"
10:35:27.530 [Test worker] DEBUG org.apache.http.wire - http-outgoing-1 << "  "firstName" : "Rest Test Firstname",[\n]"
10:35:27.530 [Test worker] DEBUG org.apache.http.wire - http-outgoing-1 << "  "lastName" : "Rest Test Lastname",[\n]"
10:35:27.530 [Test worker] DEBUG org.apache.http.wire - http-outgoing-1 << "  "contactMobile" : "Rest Test Mobile"[\n]"
10:35:27.530 [Test worker] DEBUG org.apache.http.wire - http-outgoing-1 << "}, {[\n]"
10:35:27.530 [Test worker] DEBUG org.apache.http.wire - http-outgoing-1 << "  "id" : "58826067651bcc000e233fc9",[\n]"
10:35:27.530 [Test worker] DEBUG org.apache.http.wire - http-outgoing-1 << "  "email" : "Rest Test Email",[\n]"
10:35:27.530 [Test worker] DEBUG org.apache.http.wire - http-outgoing-1 << "  "firstName" : "Rest Test Firstname",[\n]"
10:35:27.530 [Test worker] DEBUG org.apache.http.wire - http-outgoing-1 << "  "lastName" : "Rest Test Lastname",[\n]"
10:35:27.530 [Test worker] DEBUG org.apache.http.wire - http-outgoing-1 << "  "contactMobile" : "Rest Test Mobile"[\n]"
10:35:27.530 [Test worker] DEBUG org.apache.http.wire - http-outgoing-1 << "}, {[\n]"
10:35:27.530 [Test worker] DEBUG org.apache.http.wire - http-outgoing-1 << "  "id" : "588275cc651bcc000e233fca",[\n]"
10:35:27.530 [Test worker] DEBUG org.apache.http.wire - http-outgoing-1 << "  "email" : "Rest Test Email",[\n]"
10:35:27.530 [Test worker] DEBUG org.apache.http.wire - http-outgoing-1 << "  "firstName" : "Rest Test Firstname",[\n]"
10:35:27.530 [Test worker] DEBUG org.apache.http.wire - http-outgoing-1 << "  "lastName" : "Rest Test Lastname",[\n]"
10:35:27.530 [Test worker] DEBUG org.apache.http.wire - http-outgoing-1 << "  "contactMobile" : "Rest Test Mobile"[\n]"
10:35:27.530 [Test worker] DEBUG org.apache.http.wire - http-outgoing-1 << "}, {[\n]"
10:35:27.530 [Test worker] DEBUG org.apache.http.wire - http-outgoing-1 << "  "id" : "58827720651bcc000e233fcb",[\n]"
10:35:27.530 [Test worker] DEBUG org.apache.http.wire - http-outgoing-1 << "  "email" : "Rest Test Email",[\n]"
10:35:27.530 [Test worker] DEBUG org.apache.http.wire - http-outgoing-1 << "  "firstName" : "Rest Test Firstname",[\n]"
10:35:27.530 [Test worker] DEBUG org.apache.http.wire - http-outgoing-1 << "  "lastName" : "Rest Test Lastname",[\n]"
10:35:27.530 [Test worker] DEBUG org.apache.http.wire - http-outgoing-1 << "  "contactMobile" : "Rest Test Mobile"[\n]"
10:35:27.530 [Test worker] DEBUG org.apache.http.wire - http-outgoing-1 << "}, {[\n]"
10:35:27.530 [Test worker] DEBUG org.apache.http.wire - http-outgoing-1 << "  "id" : "58832bf0651bcc000e233fcc",[\n]"
10:35:27.530 [Test worker] DEBUG org.apache.http.wire - http-outgoing-1 << "  "email" : "Rest Test Email",[\n]"
10:35:27.530 [Test worker] DEBUG org.apache.http.wire - http-outgoing-1 << "  "firstName" : "Rest Test Firstname",[\n]"
10:35:27.530 [Test worker] DEBUG org.apache.http.wire - http-outgoing-1 << "  "lastName" : "Rest Test Lastname",[\n]"
10:35:27.530 [Test worker] DEBUG org.apache.http.wire - http-outgoing-1 << "  "contactMobile" : "Rest Test Mobile"[\n]"
10:35:27.530 [Test worker] DEBUG org.apache.http.wire - http-outgoing-1 << "}, {[\n]"
10:35:27.530 [Test worker] DEBUG org.apache.http.wire - http-outgoing-1 << "  "id" : "5883396e651bcc000e233fcd",[\n]"
10:35:27.530 [Test worker] DEBUG org.apache.http.wire - http-outgoing-1 << "  "email" : "Rest Test Email",[\n]"
10:35:27.530 [Test worker] DEBUG org.apache.http.wire - http-outgoing-1 << "  "firstName" : "Rest Test Firstname",[\n]"
10:35:27.530 [Test worker] DEBUG org.apache.http.wire - http-outgoing-1 << "  "lastName" : "Rest Test Lastname",[\n]"
10:35:27.530 [Test worker] DEBUG org.apache.http.wire - http-outgoing-1 << "  "contactMobile" : "Rest Test Mobile"[\n]"
10:35:27.530 [Test worker] DEBUG org.apache.http.wire - http-outgoing-1 << "} ]"
10:35:27.531 [Test worker] DEBUG org.apache.http.wire - http-outgoing-1 << "[\r][\n]"
10:35:27.531 [Test worker] DEBUG org.apache.http.wire - http-outgoing-1 << "0[\r][\n]"
10:35:27.531 [Test worker] DEBUG org.apache.http.wire - http-outgoing-1 << "[\r][\n]"
10:35:27.531 [Test worker] DEBUG org.apache.http.impl.conn.PoolingHttpClientConnectionManager - Connection [id: 1][route: {}->http://yapreunion30.cfapps.io:80] can be kept alive indefinitely
10:35:27.531 [Test worker] DEBUG org.apache.http.impl.conn.PoolingHttpClientConnectionManager - Connection released: [id: 1][route: {}->http://yapreunion30.cfapps.io:80][total kept alive: 1; route allocated: 1 of 5; total allocated: 1 of 10]
10:35:27.531 [Test worker] DEBUG org.springframework.test.context.cache.DefaultCacheAwareContextLoaderDelegate - Retrieved ApplicationContext from cache with key [[MergedContextConfiguration@3536da0c testClass = RestTest, locations = '{}', classes = '{class org.frank.bogle.config.RestConfig}', contextInitializerClasses = '[]', activeProfiles = '{}', propertySourceLocations = '{}', propertySourceProperties = '{}', contextCustomizers = set[org.springframework.boot.test.context.filter.ExcludeFilterContextCustomizer@69df7d87, org.springframework.boot.test.mock.mockito.MockitoContextCustomizer@0, org.springframework.boot.test.autoconfigure.properties.PropertyMappingContextCustomizer@0, org.springframework.boot.test.autoconfigure.web.servlet.WebDriverContextCustomizerFactory$Customizer@722166e6], contextLoader = 'org.springframework.test.context.support.DelegatingSmartContextLoader', parent = [null]]]
10:35:27.531 [Test worker] DEBUG org.springframework.test.context.cache - Spring test ApplicationContext cache statistics: [DefaultContextCache@34c4e7c4 size = 2, maxSize = 32, parentContextCount = 0, hitCount = 21, missCount = 2]
10:35:27.531 [Test worker] DEBUG org.springframework.beans.factory.support.DefaultListableBeanFactory - Returning cached instance of singleton bean 'org.springframework.context.annotation.internalConfigurationAnnotationProcessor'
10:35:27.531 [Test worker] DEBUG org.springframework.beans.factory.support.DefaultListableBeanFactory - Returning cached instance of singleton bean 'org.springframework.context.annotation.internalAutowiredAnnotationProcessor'
10:35:27.531 [Test worker] DEBUG org.springframework.beans.factory.support.DefaultListableBeanFactory - Returning cached instance of singleton bean 'org.springframework.context.annotation.internalRequiredAnnotationProcessor'
10:35:27.531 [Test worker] DEBUG org.springframework.beans.factory.support.DefaultListableBeanFactory - Returning cached instance of singleton bean 'org.springframework.context.annotation.internalCommonAnnotationProcessor'
10:35:27.531 [Test worker] DEBUG org.springframework.beans.factory.support.DefaultListableBeanFactory - Returning cached instance of singleton bean 'org.springframework.context.annotation.internalPersistenceAnnotationProcessor'
10:35:27.531 [Test worker] DEBUG org.springframework.beans.factory.support.DefaultListableBeanFactory - Returning cached instance of singleton bean 'org.springframework.context.event.internalEventListenerProcessor'
10:35:27.531 [Test worker] DEBUG org.springframework.beans.factory.support.DefaultListableBeanFactory - Returning cached instance of singleton bean 'org.springframework.context.event.internalEventListenerFactory'
10:35:27.531 [Test worker] DEBUG org.springframework.beans.factory.support.DefaultListableBeanFactory - Returning cached instance of singleton bean 'restConfig'
10:35:27.531 [Test worker] DEBUG org.springframework.beans.factory.support.DefaultListableBeanFactory - Returning cached instance of singleton bean 'org.springframework.boot.test.mock.mockito.MockitoPostProcessor$SpyPostProcessor'
10:35:27.531 [Test worker] DEBUG org.springframework.beans.factory.support.DefaultListableBeanFactory - Returning cached instance of singleton bean 'org.springframework.boot.test.mock.mockito.MockitoPostProcessor'
10:35:27.531 [Test worker] DEBUG org.springframework.beans.factory.support.DefaultListableBeanFactory - Returning cached instance of singleton bean 'org.springframework.context.annotation.ConfigurationClassPostProcessor.importAwareProcessor'
10:35:27.531 [Test worker] DEBUG org.springframework.beans.factory.support.DefaultListableBeanFactory - Returning cached instance of singleton bean 'org.springframework.context.annotation.ConfigurationClassPostProcessor.enhancedConfigurationProcessor'
10:35:27.531 [Test worker] DEBUG org.springframework.beans.factory.support.DefaultListableBeanFactory - Returning cached instance of singleton bean 'builder'
10:35:27.531 [Test worker] DEBUG org.springframework.beans.factory.support.DefaultListableBeanFactory - Returning cached instance of singleton bean 'restTemplate'
10:35:27.531 [Test worker] DEBUG org.springframework.beans.factory.support.DefaultListableBeanFactory - Returning cached instance of singleton bean 'org.springframework.boot.test.mock.mockito.MockitoBeans'
10:35:27.531 [Test worker] DEBUG org.springframework.test.context.cache.DefaultCacheAwareContextLoaderDelegate - Retrieved ApplicationContext from cache with key [[MergedContextConfiguration@3536da0c testClass = RestTest, locations = '{}', classes = '{class org.frank.bogle.config.RestConfig}', contextInitializerClasses = '[]', activeProfiles = '{}', propertySourceLocations = '{}', propertySourceProperties = '{}', contextCustomizers = set[org.springframework.boot.test.context.filter.ExcludeFilterContextCustomizer@69df7d87, org.springframework.boot.test.mock.mockito.MockitoContextCustomizer@0, org.springframework.boot.test.autoconfigure.properties.PropertyMappingContextCustomizer@0, org.springframework.boot.test.autoconfigure.web.servlet.WebDriverContextCustomizerFactory$Customizer@722166e6], contextLoader = 'org.springframework.test.context.support.DelegatingSmartContextLoader', parent = [null]]]
10:35:27.531 [Test worker] DEBUG org.springframework.test.context.cache - Spring test ApplicationContext cache statistics: [DefaultContextCache@34c4e7c4 size = 2, maxSize = 32, parentContextCount = 0, hitCount = 22, missCount = 2]
10:35:27.532 [Test worker] DEBUG org.springframework.test.context.cache.DefaultCacheAwareContextLoaderDelegate - Retrieved ApplicationContext from cache with key [[MergedContextConfiguration@3536da0c testClass = RestTest, locations = '{}', classes = '{class org.frank.bogle.config.RestConfig}', contextInitializerClasses = '[]', activeProfiles = '{}', propertySourceLocations = '{}', propertySourceProperties = '{}', contextCustomizers = set[org.springframework.boot.test.context.filter.ExcludeFilterContextCustomizer@69df7d87, org.springframework.boot.test.mock.mockito.MockitoContextCustomizer@0, org.springframework.boot.test.autoconfigure.properties.PropertyMappingContextCustomizer@0, org.springframework.boot.test.autoconfigure.web.servlet.WebDriverContextCustomizerFactory$Customizer@722166e6], contextLoader = 'org.springframework.test.context.support.DelegatingSmartContextLoader', parent = [null]]]
10:35:27.532 [Test worker] DEBUG org.springframework.test.context.cache - Spring test ApplicationContext cache statistics: [DefaultContextCache@34c4e7c4 size = 2, maxSize = 32, parentContextCount = 0, hitCount = 23, missCount = 2]
10:35:27.532 [Test worker] DEBUG org.springframework.test.context.support.AbstractDirtiesContextTestExecutionListener - After test method: context [DefaultTestContext@2962d191 testClass = RestTest, testInstance = test.frank.bogle.restapi.RestTest@12fccc6c, testMethod = testMultipleGetPersons@RestTest, testException = [null], mergedContextConfiguration = [MergedContextConfiguration@3536da0c testClass = RestTest, locations = '{}', classes = '{class org.frank.bogle.config.RestConfig}', contextInitializerClasses = '[]', activeProfiles = '{}', propertySourceLocations = '{}', propertySourceProperties = '{}', contextCustomizers = set[org.springframework.boot.test.context.filter.ExcludeFilterContextCustomizer@69df7d87, org.springframework.boot.test.mock.mockito.MockitoContextCustomizer@0, org.springframework.boot.test.autoconfigure.properties.PropertyMappingContextCustomizer@0, org.springframework.boot.test.autoconfigure.web.servlet.WebDriverContextCustomizerFactory$Customizer@722166e6], contextLoader = 'org.springframework.test.context.support.DelegatingSmartContextLoader', parent = [null]]], class annotated with @DirtiesContext [false] with mode [null], method annotated with @DirtiesContext [false] with mode [null].
10:35:27.532 [Test worker] DEBUG org.springframework.test.context.support.AbstractDirtiesContextTestExecutionListener - After test class: context [DefaultTestContext@2962d191 testClass = RestTest, testInstance = [null], testMethod = [null], testException = [null], mergedContextConfiguration = [MergedContextConfiguration@3536da0c testClass = RestTest, locations = '{}', classes = '{class org.frank.bogle.config.RestConfig}', contextInitializerClasses = '[]', activeProfiles = '{}', propertySourceLocations = '{}', propertySourceProperties = '{}', contextCustomizers = set[org.springframework.boot.test.context.filter.ExcludeFilterContextCustomizer@69df7d87, org.springframework.boot.test.mock.mockito.MockitoContextCustomizer@0, org.springframework.boot.test.autoconfigure.properties.PropertyMappingContextCustomizer@0, org.springframework.boot.test.autoconfigure.web.servlet.WebDriverContextCustomizerFactory$Customizer@722166e6], contextLoader = 'org.springframework.test.context.support.DelegatingSmartContextLoader', parent = [null]]], class annotated with @DirtiesContext [false] with mode [null].
]]></system-out>
  <system-err><![CDATA[]]></system-err>
</testsuite>
